TN:
SF:index.ts
FN:59,(anonymous_8)
FN:59,(anonymous_9)
FNF:2
FNH:2
FNDA:1,(anonymous_8)
FNDA:1,(anonymous_9)
DA:1,1
DA:3,1
DA:4,1
DA:6,1
DA:8,1
DA:9,1
DA:10,1
DA:11,1
DA:12,1
DA:13,1
DA:14,1
DA:15,1
DA:16,1
DA:17,1
DA:18,1
DA:19,1
DA:20,1
DA:21,1
DA:22,1
DA:23,1
DA:24,1
DA:25,1
DA:26,1
DA:28,1
DA:30,1
DA:32,1
DA:33,1
DA:34,1
DA:36,1
DA:59,1
DA:61,1
DA:65,1
DA:67,0
DA:80,1
DA:83,1
LF:35
LH:34
BRDA:65,0,0,0
BRF:1
BRH:0
end_of_record
TN:
SF:config\security\cryptography.ts
FN:5,(anonymous_0)
FN:7,(anonymous_1)
FN:9,(anonymous_2)
FN:11,(anonymous_3)
FNF:4
FNH:1
FNDA:3,(anonymous_0)
FNDA:0,(anonymous_1)
FNDA:0,(anonymous_2)
FNDA:0,(anonymous_3)
DA:1,1
DA:2,1
DA:4,1
DA:7,3
DA:9,3
DA:11,3
LF:6
LH:6
BRF:0
BRH:0
end_of_record
TN:
SF:config\tools\time.ts
FN:2,(anonymous_0)
FN:4,(anonymous_1)
FNF:2
FNH:0
FNDA:0,(anonymous_0)
FNDA:0,(anonymous_1)
DA:1,1
DA:5,0
DA:7,0
DA:12,0
DA:17,0
LF:5
LH:1
BRF:0
BRH:0
end_of_record
TN:
SF:controllers\driver\driverAddressController.ts
FN:19,(anonymous_14)
FN:19,(anonymous_15)
FN:44,(anonymous_16)
FN:44,(anonymous_17)
FN:102,(anonymous_18)
FN:102,(anonymous_19)
FN:169,(anonymous_20)
FN:169,(anonymous_21)
FN:212,(anonymous_22)
FN:212,(anonymous_23)
FN:258,(anonymous_24)
FN:258,(anonymous_25)
FN:282,(anonymous_26)
FN:282,(anonymous_27)
FNF:14
FNH:0
FNDA:0,(anonymous_14)
FNDA:0,(anonymous_15)
FNDA:0,(anonymous_16)
FNDA:0,(anonymous_17)
FNDA:0,(anonymous_18)
FNDA:0,(anonymous_19)
FNDA:0,(anonymous_20)
FNDA:0,(anonymous_21)
FNDA:0,(anonymous_22)
FNDA:0,(anonymous_23)
FNDA:0,(anonymous_24)
FNDA:0,(anonymous_25)
FNDA:0,(anonymous_26)
FNDA:0,(anonymous_27)
DA:1,1
DA:3,1
DA:4,1
DA:5,1
DA:6,1
DA:7,1
DA:8,1
DA:10,1
DA:12,1
DA:14,1
DA:17,1
DA:19,0
DA:20,0
DA:22,0
DA:23,0
DA:25,0
DA:26,0
DA:28,0
DA:30,0
DA:32,0
DA:34,0
DA:36,0
DA:42,1
DA:44,0
DA:45,0
DA:47,0
DA:49,0
DA:50,0
DA:54,0
DA:58,0
DA:63,0
DA:67,0
DA:71,0
DA:76,0
DA:79,0
DA:80,0
DA:81,0
DA:82,0
DA:84,0
DA:90,0
DA:92,0
DA:94,0
DA:100,1
DA:102,0
DA:103,0
DA:105,0
DA:107,0
DA:108,0
DA:112,0
DA:116,0
DA:121,0
DA:125,0
DA:129,0
DA:134,0
DA:137,0
DA:141,0
DA:142,0
DA:146,0
DA:147,0
DA:148,0
DA:149,0
DA:151,0
DA:157,0
DA:159,0
DA:161,0
DA:167,1
DA:169,0
DA:170,0
DA:172,0
DA:174,0
DA:176,0
DA:177,0
DA:179,0
DA:180,0
DA:182,0
DA:187,0
DA:192,0
DA:193,0
DA:198,0
DA:200,0
DA:204,0
DA:210,1
DA:212,0
DA:213,0
DA:215,0
DA:217,0
DA:219,0
DA:220,0
DA:224,0
DA:225,0
DA:227,0
DA:232,0
DA:234,0
DA:235,0
DA:240,0
DA:246,0
DA:250,0
DA:256,1
DA:258,0
DA:259,0
DA:261,0
DA:263,0
DA:265,0
DA:266,0
DA:270,0
DA:272,0
DA:274,0
DA:280,1
DA:282,0
DA:283,0
DA:285,0
DA:287,0
DA:288,0
DA:292,0
DA:293,0
DA:297,0
DA:299,0
DA:301,0
DA:307,1
LF:119
LH:18
BRDA:22,0,0,0
BRDA:141,1,0,0
BRDA:179,2,0,0
BRDA:192,3,0,0
BRDA:224,4,0,0
BRDA:234,5,0,0
BRDA:265,6,0,0
BRDA:292,7,0,0
BRF:8
BRH:0
end_of_record
TN:
SF:controllers\driver\driverContactController.ts
FN:14,(anonymous_8)
FN:14,(anonymous_9)
FN:52,(anonymous_10)
FN:52,(anonymous_11)
FN:98,(anonymous_12)
FN:98,(anonymous_13)
FN:141,(anonymous_14)
FN:141,(anonymous_15)
FN:187,(anonymous_16)
FN:187,(anonymous_17)
FN:211,(anonymous_18)
FN:211,(anonymous_19)
FNF:12
FNH:0
FNDA:0,(anonymous_8)
FNDA:0,(anonymous_9)
FNDA:0,(anonymous_10)
FNDA:0,(anonymous_11)
FNDA:0,(anonymous_12)
FNDA:0,(anonymous_13)
FNDA:0,(anonymous_14)
FNDA:0,(anonymous_15)
FNDA:0,(anonymous_16)
FNDA:0,(anonymous_17)
FNDA:0,(anonymous_18)
FNDA:0,(anonymous_19)
DA:1,1
DA:3,1
DA:4,1
DA:5,1
DA:6,1
DA:8,1
DA:10,1
DA:12,1
DA:14,0
DA:15,0
DA:17,0
DA:19,0
DA:20,0
DA:25,0
DA:30,0
DA:33,0
DA:34,0
DA:36,0
DA:40,0
DA:42,0
DA:44,0
DA:50,1
DA:52,0
DA:53,0
DA:55,0
DA:57,0
DA:58,0
DA:63,0
DA:68,0
DA:72,0
DA:74,0
DA:75,0
DA:79,0
DA:80,0
DA:82,0
DA:86,0
DA:88,0
DA:90,0
DA:96,1
DA:98,0
DA:99,0
DA:101,0
DA:103,0
DA:105,0
DA:106,0
DA:108,0
DA:109,0
DA:111,0
DA:116,0
DA:121,0
DA:122,0
DA:127,0
DA:129,0
DA:133,0
DA:139,1
DA:141,0
DA:142,0
DA:144,0
DA:146,0
DA:148,0
DA:149,0
DA:153,0
DA:154,0
DA:156,0
DA:161,0
DA:163,0
DA:164,0
DA:169,0
DA:175,0
DA:179,0
DA:185,1
DA:187,0
DA:188,0
DA:190,0
DA:192,0
DA:194,0
DA:195,0
DA:199,0
DA:201,0
DA:203,0
DA:209,1
DA:211,0
DA:212,0
DA:214,0
DA:216,0
DA:217,0
DA:221,0
DA:222,0
DA:226,0
DA:228,0
DA:230,0
DA:236,1
LF:92
LH:14
BRDA:74,0,0,0
BRDA:108,1,0,0
BRDA:121,2,0,0
BRDA:153,3,0,0
BRDA:163,4,0,0
BRDA:194,5,0,0
BRDA:221,6,0,0
BRF:7
BRH:0
end_of_record
TN:
SF:controllers\driver\driverController.ts
FN:13,(anonymous_8)
FN:13,(anonymous_9)
FN:92,(anonymous_10)
FN:92,(anonymous_11)
FN:171,(anonymous_12)
FN:171,(anonymous_13)
FN:209,(anonymous_14)
FN:209,(anonymous_15)
FN:247,(anonymous_16)
FN:247,(anonymous_17)
FN:270,(anonymous_18)
FN:270,(anonymous_19)
FNF:12
FNH:0
FNDA:0,(anonymous_8)
FNDA:0,(anonymous_9)
FNDA:0,(anonymous_10)
FNDA:0,(anonymous_11)
FNDA:0,(anonymous_12)
FNDA:0,(anonymous_13)
FNDA:0,(anonymous_14)
FNDA:0,(anonymous_15)
FNDA:0,(anonymous_16)
FNDA:0,(anonymous_17)
FNDA:0,(anonymous_18)
FNDA:0,(anonymous_19)
DA:1,1
DA:2,1
DA:4,1
DA:6,1
DA:7,1
DA:9,1
DA:11,1
DA:13,1
DA:14,0
DA:16,0
DA:18,0
DA:19,0
DA:23,0
DA:27,0
DA:31,0
DA:36,0
DA:40,0
DA:44,0
DA:48,0
DA:53,0
DA:58,0
DA:61,0
DA:63,0
DA:64,0
DA:68,0
DA:69,0
DA:70,0
DA:71,0
DA:73,0
DA:75,0
DA:82,0
DA:84,0
DA:86,0
DA:92,1
DA:93,0
DA:95,0
DA:97,0
DA:98,0
DA:102,0
DA:106,0
DA:110,0
DA:115,0
DA:119,0
DA:123,0
DA:127,0
DA:132,0
DA:137,0
DA:140,0
DA:142,0
DA:143,0
DA:147,0
DA:148,0
DA:149,0
DA:150,0
DA:152,0
DA:154,0
DA:161,0
DA:163,0
DA:165,0
DA:171,1
DA:172,0
DA:174,0
DA:176,0
DA:178,0
DA:179,0
DA:181,0
DA:182,0
DA:184,0
DA:189,0
DA:191,0
DA:192,0
DA:197,0
DA:199,0
DA:203,0
DA:209,1
DA:210,0
DA:212,0
DA:214,0
DA:216,0
DA:217,0
DA:219,0
DA:220,0
DA:222,0
DA:227,0
DA:229,0
DA:230,0
DA:235,0
DA:237,0
DA:241,0
DA:247,1
DA:248,0
DA:250,0
DA:251,0
DA:253,0
DA:254,0
DA:258,0
DA:260,0
DA:262,0
DA:268,1
DA:270,0
DA:271,0
DA:273,0
DA:275,0
DA:276,0
DA:278,0
DA:279,0
DA:283,0
DA:285,0
DA:287,0
DA:293,1
LF:110
LH:14
BRDA:63,0,0,0
BRDA:142,1,0,0
BRDA:181,2,0,0
BRDA:191,3,0,0
BRDA:219,4,0,0
BRDA:229,5,0,0
BRDA:253,6,0,0
BRDA:278,7,0,0
BRF:8
BRH:0
end_of_record
TN:
SF:controllers\driver\driverDocumentController.ts
FN:14,(anonymous_8)
FN:14,(anonymous_9)
FN:60,(anonymous_10)
FN:60,(anonymous_11)
FN:106,(anonymous_12)
FN:106,(anonymous_13)
FN:149,(anonymous_14)
FN:149,(anonymous_15)
FN:195,(anonymous_16)
FN:195,(anonymous_17)
FN:219,(anonymous_18)
FN:219,(anonymous_19)
FNF:12
FNH:0
FNDA:0,(anonymous_8)
FNDA:0,(anonymous_9)
FNDA:0,(anonymous_10)
FNDA:0,(anonymous_11)
FNDA:0,(anonymous_12)
FNDA:0,(anonymous_13)
FNDA:0,(anonymous_14)
FNDA:0,(anonymous_15)
FNDA:0,(anonymous_16)
FNDA:0,(anonymous_17)
FNDA:0,(anonymous_18)
FNDA:0,(anonymous_19)
DA:1,1
DA:3,1
DA:4,1
DA:5,1
DA:6,1
DA:8,1
DA:10,1
DA:12,1
DA:14,0
DA:15,0
DA:17,0
DA:19,0
DA:20,0
DA:25,0
DA:30,0
DA:34,0
DA:36,0
DA:37,0
DA:41,0
DA:42,0
DA:44,0
DA:48,0
DA:50,0
DA:52,0
DA:58,1
DA:60,0
DA:61,0
DA:63,0
DA:65,0
DA:66,0
DA:71,0
DA:76,0
DA:80,0
DA:82,0
DA:83,0
DA:87,0
DA:88,0
DA:90,0
DA:94,0
DA:96,0
DA:98,0
DA:104,1
DA:106,0
DA:107,0
DA:109,0
DA:111,0
DA:113,0
DA:114,0
DA:116,0
DA:117,0
DA:119,0
DA:124,0
DA:129,0
DA:130,0
DA:135,0
DA:137,0
DA:141,0
DA:147,1
DA:149,0
DA:150,0
DA:152,0
DA:154,0
DA:156,0
DA:157,0
DA:161,0
DA:162,0
DA:164,0
DA:169,0
DA:171,0
DA:172,0
DA:177,0
DA:183,0
DA:187,0
DA:193,1
DA:195,0
DA:196,0
DA:197,0
DA:200,0
DA:202,0
DA:203,0
DA:207,0
DA:209,0
DA:211,0
DA:217,1
DA:219,0
DA:220,0
DA:222,0
DA:224,0
DA:226,0
DA:228,0
DA:229,0
DA:233,0
DA:235,0
DA:237,0
DA:243,1
LF:95
LH:14
BRDA:36,0,0,0
BRDA:82,1,0,0
BRDA:116,2,0,0
BRDA:129,3,0,0
BRDA:161,4,0,0
BRDA:171,5,0,0
BRDA:202,6,0,0
BRDA:228,7,0,0
BRF:8
BRH:0
end_of_record
TN:
SF:controllers\driver\information\informationController.ts
FN:15,(anonymous_8)
FN:15,(anonymous_9)
FN:83,(anonymous_10)
FN:83,(anonymous_11)
FN:126,(anonymous_12)
FN:126,(anonymous_13)
FN:172,(anonymous_14)
FN:172,(anonymous_15)
FN:196,(anonymous_16)
FN:196,(anonymous_17)
FNF:10
FNH:0
FNDA:0,(anonymous_8)
FNDA:0,(anonymous_9)
FNDA:0,(anonymous_10)
FNDA:0,(anonymous_11)
FNDA:0,(anonymous_12)
FNDA:0,(anonymous_13)
FNDA:0,(anonymous_14)
FNDA:0,(anonymous_15)
FNDA:0,(anonymous_16)
FNDA:0,(anonymous_17)
DA:1,1
DA:3,1
DA:4,1
DA:5,1
DA:6,1
DA:7,1
DA:9,1
DA:11,1
DA:13,1
DA:15,0
DA:16,0
DA:18,0
DA:20,0
DA:21,0
DA:25,0
DA:30,0
DA:34,0
DA:39,0
DA:43,0
DA:48,0
DA:49,0
DA:53,0
DA:54,0
DA:55,0
DA:56,0
DA:57,0
DA:59,0
DA:61,0
DA:63,0
DA:71,0
DA:73,0
DA:75,0
DA:81,1
DA:83,0
DA:84,0
DA:86,0
DA:88,0
DA:90,0
DA:91,0
DA:93,0
DA:94,0
DA:96,0
DA:101,0
DA:106,0
DA:107,0
DA:112,0
DA:114,0
DA:118,0
DA:124,1
DA:126,0
DA:127,0
DA:129,0
DA:131,0
DA:133,0
DA:134,0
DA:138,0
DA:139,0
DA:141,0
DA:146,0
DA:148,0
DA:149,0
DA:154,0
DA:160,0
DA:164,0
DA:170,1
DA:172,0
DA:173,0
DA:175,0
DA:177,0
DA:179,0
DA:180,0
DA:184,0
DA:186,0
DA:188,0
DA:194,1
DA:196,0
DA:197,0
DA:199,0
DA:201,0
DA:203,0
DA:205,0
DA:206,0
DA:210,0
DA:212,0
DA:214,0
DA:220,1
LF:86
LH:14
BRDA:48,0,0,0
BRDA:93,1,0,0
BRDA:106,2,0,0
BRDA:138,3,0,0
BRDA:148,4,0,0
BRDA:179,5,0,0
BRDA:205,6,0,0
BRF:7
BRH:0
end_of_record
TN:
SF:controllers\driver\information\midiaController.ts
FN:15,(anonymous_8)
FN:15,(anonymous_9)
FN:52,(anonymous_10)
FN:52,(anonymous_11)
FN:95,(anonymous_12)
FN:95,(anonymous_13)
FN:141,(anonymous_14)
FN:141,(anonymous_15)
FN:165,(anonymous_16)
FN:165,(anonymous_17)
FNF:10
FNH:2
FNDA:0,(anonymous_8)
FNDA:0,(anonymous_9)
FNDA:0,(anonymous_10)
FNDA:0,(anonymous_11)
FNDA:0,(anonymous_12)
FNDA:0,(anonymous_13)
FNDA:1,(anonymous_14)
FNDA:1,(anonymous_15)
FNDA:0,(anonymous_16)
FNDA:0,(anonymous_17)
DA:1,1
DA:3,1
DA:4,1
DA:5,1
DA:7,1
DA:9,1
DA:11,1
DA:13,1
DA:15,0
DA:16,0
DA:18,0
DA:20,0
DA:21,0
DA:25,0
DA:30,0
DA:33,0
DA:36,0
DA:40,0
DA:42,0
DA:44,0
DA:50,1
DA:52,0
DA:53,0
DA:55,0
DA:57,0
DA:59,0
DA:60,0
DA:62,0
DA:63,0
DA:65,0
DA:70,0
DA:75,0
DA:76,0
DA:81,0
DA:83,0
DA:87,0
DA:93,1
DA:95,0
DA:96,0
DA:98,0
DA:100,0
DA:102,0
DA:103,0
DA:107,0
DA:108,0
DA:110,0
DA:115,0
DA:117,0
DA:118,0
DA:123,0
DA:129,0
DA:133,0
DA:139,1
DA:141,1
DA:142,1
DA:144,1
DA:146,1
DA:148,1
DA:149,0
DA:153,1
DA:155,1
DA:157,0
DA:163,1
DA:165,0
DA:166,0
DA:168,0
DA:170,0
DA:172,0
DA:174,0
DA:175,0
DA:179,0
DA:181,0
DA:183,0
DA:189,1
LF:74
LH:20
BRDA:62,0,0,0
BRDA:75,1,0,0
BRDA:107,2,0,0
BRDA:117,3,0,0
BRDA:148,4,0,0
BRDA:174,5,0,0
BRF:6
BRH:0
end_of_record
TN:
SF:controllers\driver\relations\driverAddressRelationTableController.ts
FN:14,(anonymous_8)
FN:14,(anonymous_9)
FN:106,(anonymous_10)
FN:106,(anonymous_11)
FN:127,(anonymous_12)
FN:127,(anonymous_13)
FN:150,(anonymous_14)
FN:150,(anonymous_15)
FN:174,(anonymous_16)
FN:174,(anonymous_17)
FNF:10
FNH:0
FNDA:0,(anonymous_8)
FNDA:0,(anonymous_9)
FNDA:0,(anonymous_10)
FNDA:0,(anonymous_11)
FNDA:0,(anonymous_12)
FNDA:0,(anonymous_13)
FNDA:0,(anonymous_14)
FNDA:0,(anonymous_15)
FNDA:0,(anonymous_16)
FNDA:0,(anonymous_17)
DA:1,1
DA:2,1
DA:3,1
DA:4,1
DA:5,1
DA:6,1
DA:8,1
DA:10,1
DA:12,1
DA:14,0
DA:15,0
DA:17,0
DA:18,0
DA:22,0
DA:26,0
DA:31,0
DA:35,0
DA:39,0
DA:44,0
DA:47,0
DA:51,0
DA:52,0
DA:57,0
DA:61,0
DA:62,0
DA:66,0
DA:70,0
DA:71,0
DA:76,0
DA:80,0
DA:81,0
DA:85,0
DA:86,0
DA:92,0
DA:94,0
DA:98,0
DA:104,1
DA:106,0
DA:107,0
DA:109,0
DA:110,0
DA:112,0
DA:113,0
DA:117,0
DA:119,0
DA:125,1
DA:127,0
DA:128,0
DA:130,0
DA:132,0
DA:133,0
DA:135,0
DA:136,0
DA:140,0
DA:142,0
DA:148,1
DA:150,0
DA:151,0
DA:153,0
DA:155,0
DA:157,0
DA:158,0
DA:162,0
DA:164,0
DA:166,0
DA:172,1
DA:174,0
DA:175,0
DA:177,0
DA:179,0
DA:181,0
DA:183,0
DA:184,0
DA:188,0
DA:190,0
DA:192,0
DA:198,1
LF:77
LH:14
BRDA:51,0,0,0
BRDA:61,1,0,0
BRDA:70,2,0,0
BRDA:80,3,0,0
BRDA:112,4,0,0
BRDA:135,5,0,0
BRDA:157,6,0,0
BRDA:183,7,0,0
BRF:8
BRH:0
end_of_record
TN:
SF:controllers\driver\relations\driverContactRelationTableController.ts
FN:15,(anonymous_8)
FN:15,(anonymous_9)
FN:107,(anonymous_10)
FN:107,(anonymous_11)
FN:128,(anonymous_12)
FN:128,(anonymous_13)
FN:151,(anonymous_14)
FN:151,(anonymous_15)
FN:175,(anonymous_16)
FN:175,(anonymous_17)
FNF:10
FNH:0
FNDA:0,(anonymous_8)
FNDA:0,(anonymous_9)
FNDA:0,(anonymous_10)
FNDA:0,(anonymous_11)
FNDA:0,(anonymous_12)
FNDA:0,(anonymous_13)
FNDA:0,(anonymous_14)
FNDA:0,(anonymous_15)
FNDA:0,(anonymous_16)
FNDA:0,(anonymous_17)
DA:1,1
DA:3,1
DA:4,1
DA:5,1
DA:6,1
DA:7,1
DA:9,1
DA:11,1
DA:13,1
DA:15,0
DA:16,0
DA:18,0
DA:19,0
DA:23,0
DA:27,0
DA:32,0
DA:36,0
DA:40,0
DA:45,0
DA:48,0
DA:52,0
DA:53,0
DA:58,0
DA:62,0
DA:63,0
DA:67,0
DA:71,0
DA:72,0
DA:77,0
DA:81,0
DA:82,0
DA:86,0
DA:87,0
DA:93,0
DA:95,0
DA:99,0
DA:105,1
DA:107,0
DA:108,0
DA:110,0
DA:111,0
DA:113,0
DA:114,0
DA:118,0
DA:120,0
DA:126,1
DA:128,0
DA:129,0
DA:131,0
DA:133,0
DA:134,0
DA:136,0
DA:137,0
DA:141,0
DA:143,0
DA:149,1
DA:151,0
DA:152,0
DA:154,0
DA:156,0
DA:158,0
DA:159,0
DA:163,0
DA:165,0
DA:167,0
DA:173,1
DA:175,0
DA:176,0
DA:178,0
DA:180,0
DA:182,0
DA:184,0
DA:185,0
DA:189,0
DA:191,0
DA:193,0
DA:199,1
LF:77
LH:14
BRDA:52,0,0,0
BRDA:62,1,0,0
BRDA:71,2,0,0
BRDA:81,3,0,0
BRDA:113,4,0,0
BRDA:136,5,0,0
BRDA:158,6,0,0
BRDA:184,7,0,0
BRF:8
BRH:0
end_of_record
TN:
SF:controllers\driver\relations\driverDocumentRelationTableController.ts
FN:14,(anonymous_8)
FN:14,(anonymous_9)
FN:106,(anonymous_10)
FN:106,(anonymous_11)
FN:127,(anonymous_12)
FN:127,(anonymous_13)
FN:150,(anonymous_14)
FN:150,(anonymous_15)
FN:174,(anonymous_16)
FN:174,(anonymous_17)
FNF:10
FNH:0
FNDA:0,(anonymous_8)
FNDA:0,(anonymous_9)
FNDA:0,(anonymous_10)
FNDA:0,(anonymous_11)
FNDA:0,(anonymous_12)
FNDA:0,(anonymous_13)
FNDA:0,(anonymous_14)
FNDA:0,(anonymous_15)
FNDA:0,(anonymous_16)
FNDA:0,(anonymous_17)
DA:1,1
DA:2,1
DA:3,1
DA:4,1
DA:5,1
DA:6,1
DA:8,1
DA:10,1
DA:12,1
DA:14,0
DA:15,0
DA:17,0
DA:18,0
DA:22,0
DA:26,0
DA:31,0
DA:35,0
DA:39,0
DA:44,0
DA:47,0
DA:51,0
DA:52,0
DA:57,0
DA:61,0
DA:62,0
DA:66,0
DA:70,0
DA:71,0
DA:76,0
DA:80,0
DA:81,0
DA:85,0
DA:86,0
DA:92,0
DA:94,0
DA:98,0
DA:104,1
DA:106,0
DA:107,0
DA:109,0
DA:110,0
DA:112,0
DA:113,0
DA:117,0
DA:119,0
DA:125,1
DA:127,0
DA:128,0
DA:130,0
DA:132,0
DA:133,0
DA:135,0
DA:136,0
DA:140,0
DA:142,0
DA:148,1
DA:150,0
DA:151,0
DA:153,0
DA:155,0
DA:157,0
DA:158,0
DA:162,0
DA:164,0
DA:166,0
DA:172,1
DA:174,0
DA:175,0
DA:177,0
DA:179,0
DA:181,0
DA:183,0
DA:184,0
DA:188,0
DA:190,0
DA:192,0
DA:198,1
LF:77
LH:14
BRDA:51,0,0,0
BRDA:61,1,0,0
BRDA:70,2,0,0
BRDA:80,3,0,0
BRDA:112,4,0,0
BRDA:135,5,0,0
BRDA:157,6,0,0
BRDA:183,7,0,0
BRF:8
BRH:0
end_of_record
TN:
SF:controllers\driver\relations\driverInformationRelationTableController.ts
FN:15,(anonymous_8)
FN:15,(anonymous_9)
FN:107,(anonymous_10)
FN:107,(anonymous_11)
FN:129,(anonymous_12)
FN:129,(anonymous_13)
FN:153,(anonymous_14)
FN:153,(anonymous_15)
FN:178,(anonymous_16)
FN:178,(anonymous_17)
FNF:10
FNH:0
FNDA:0,(anonymous_8)
FNDA:0,(anonymous_9)
FNDA:0,(anonymous_10)
FNDA:0,(anonymous_11)
FNDA:0,(anonymous_12)
FNDA:0,(anonymous_13)
FNDA:0,(anonymous_14)
FNDA:0,(anonymous_15)
FNDA:0,(anonymous_16)
FNDA:0,(anonymous_17)
DA:1,1
DA:2,1
DA:3,1
DA:4,1
DA:5,1
DA:6,1
DA:7,1
DA:9,1
DA:11,1
DA:13,1
DA:15,0
DA:16,0
DA:18,0
DA:19,0
DA:23,0
DA:27,0
DA:32,0
DA:36,0
DA:40,0
DA:45,0
DA:48,0
DA:52,0
DA:53,0
DA:57,0
DA:61,0
DA:62,0
DA:66,0
DA:70,0
DA:71,0
DA:76,0
DA:80,0
DA:81,0
DA:85,0
DA:87,0
DA:93,0
DA:95,0
DA:99,0
DA:105,1
DA:107,0
DA:109,0
DA:111,0
DA:112,0
DA:114,0
DA:115,0
DA:119,0
DA:121,0
DA:127,1
DA:129,0
DA:130,0
DA:133,0
DA:135,0
DA:136,0
DA:138,0
DA:139,0
DA:143,0
DA:145,0
DA:151,1
DA:153,0
DA:155,0
DA:157,0
DA:159,0
DA:161,0
DA:162,0
DA:166,0
DA:168,0
DA:170,0
DA:176,1
DA:178,0
DA:179,0
DA:182,0
DA:184,0
DA:186,0
DA:188,0
DA:189,0
DA:193,0
DA:195,0
DA:197,0
DA:203,1
LF:78
LH:15
BRDA:52,0,0,0
BRDA:61,1,0,0
BRDA:70,2,0,0
BRDA:80,3,0,0
BRDA:114,4,0,0
BRDA:138,5,0,0
BRDA:161,6,0,0
BRDA:188,7,0,0
BRF:8
BRH:0
end_of_record
TN:
SF:controllers\org\orgAddressController.ts
FN:11,(anonymous_8)
FN:11,(anonymous_9)
FN:112,(anonymous_10)
FN:112,(anonymous_11)
FN:181,(anonymous_12)
FN:222,(anonymous_13)
FN:222,(anonymous_14)
FN:265,(anonymous_15)
FN:265,(anonymous_16)
FN:311,(anonymous_17)
FN:311,(anonymous_18)
FNF:11
FNH:0
FNDA:0,(anonymous_8)
FNDA:0,(anonymous_9)
FNDA:0,(anonymous_10)
FNDA:0,(anonymous_11)
FNDA:0,(anonymous_12)
FNDA:0,(anonymous_13)
FNDA:0,(anonymous_14)
FNDA:0,(anonymous_15)
FNDA:0,(anonymous_16)
FNDA:0,(anonymous_17)
FNDA:0,(anonymous_18)
DA:1,1
DA:2,1
DA:3,1
DA:4,1
DA:5,1
DA:7,1
DA:9,1
DA:11,1
DA:12,0
DA:14,0
DA:16,0
DA:17,0
DA:21,0
DA:25,0
DA:29,0
DA:33,0
DA:37,0
DA:41,0
DA:46,0
DA:50,0
DA:54,0
DA:58,0
DA:62,0
DA:66,0
DA:70,0
DA:75,0
DA:78,0
DA:80,0
DA:81,0
DA:82,0
DA:83,0
DA:84,0
DA:85,0
DA:86,0
DA:87,0
DA:89,0
DA:100,0
DA:102,0
DA:106,0
DA:112,1
DA:113,0
DA:115,0
DA:117,0
DA:118,0
DA:122,0
DA:126,0
DA:130,0
DA:134,0
DA:138,0
DA:142,0
DA:147,0
DA:151,0
DA:155,0
DA:159,0
DA:163,0
DA:167,0
DA:171,0
DA:176,0
DA:179,0
DA:181,0
DA:183,0
DA:184,0
DA:188,0
DA:190,0
DA:191,0
DA:192,0
DA:193,0
DA:194,0
DA:195,0
DA:196,0
DA:197,0
DA:199,0
DA:210,0
DA:212,0
DA:216,0
DA:222,1
DA:223,0
DA:225,0
DA:227,0
DA:229,0
DA:230,0
DA:232,0
DA:233,0
DA:235,0
DA:240,0
DA:245,0
DA:246,0
DA:251,0
DA:253,0
DA:257,0
DA:263,1
DA:265,0
DA:266,0
DA:268,0
DA:270,0
DA:272,0
DA:273,0
DA:277,0
DA:278,0
DA:280,0
DA:285,0
DA:287,0
DA:288,0
DA:293,0
DA:299,0
DA:303,0
DA:309,1
DA:311,0
DA:312,0
DA:314,0
DA:316,0
DA:317,0
DA:319,0
DA:320,0
DA:324,0
DA:326,0
DA:328,0
DA:334,1
LF:118
LH:13
BRDA:183,0,0,0
BRDA:232,1,0,0
BRDA:245,2,0,0
BRDA:277,3,0,0
BRDA:287,4,0,0
BRDA:319,5,0,0
BRF:6
BRH:0
end_of_record
TN:
SF:controllers\org\orgContactController.ts
FN:11,(anonymous_8)
FN:11,(anonymous_9)
FN:66,(anonymous_10)
FN:66,(anonymous_11)
FN:100,(anonymous_12)
FN:130,(anonymous_13)
FN:130,(anonymous_14)
FN:173,(anonymous_15)
FN:173,(anonymous_16)
FN:219,(anonymous_17)
FN:219,(anonymous_18)
FNF:11
FNH:0
FNDA:0,(anonymous_8)
FNDA:0,(anonymous_9)
FNDA:0,(anonymous_10)
FNDA:0,(anonymous_11)
FNDA:0,(anonymous_12)
FNDA:0,(anonymous_13)
FNDA:0,(anonymous_14)
FNDA:0,(anonymous_15)
FNDA:0,(anonymous_16)
FNDA:0,(anonymous_17)
FNDA:0,(anonymous_18)
DA:1,1
DA:2,1
DA:3,1
DA:4,1
DA:5,1
DA:7,1
DA:9,1
DA:11,1
DA:12,0
DA:14,0
DA:16,0
DA:17,0
DA:21,0
DA:25,0
DA:30,0
DA:34,0
DA:35,0
DA:40,0
DA:43,0
DA:44,0
DA:45,0
DA:46,0
DA:48,0
DA:54,0
DA:56,0
DA:60,0
DA:66,1
DA:67,0
DA:69,0
DA:71,0
DA:72,0
DA:76,0
DA:80,0
DA:85,0
DA:89,0
DA:90,0
DA:95,0
DA:98,0
DA:100,0
DA:102,0
DA:103,0
DA:107,0
DA:108,0
DA:109,0
DA:110,0
DA:112,0
DA:118,0
DA:120,0
DA:124,0
DA:130,1
DA:131,0
DA:133,0
DA:135,0
DA:137,0
DA:138,0
DA:140,0
DA:141,0
DA:143,0
DA:148,0
DA:153,0
DA:154,0
DA:159,0
DA:161,0
DA:165,0
DA:171,1
DA:173,0
DA:174,0
DA:176,0
DA:178,0
DA:180,0
DA:181,0
DA:185,0
DA:186,0
DA:188,0
DA:193,0
DA:195,0
DA:196,0
DA:201,0
DA:207,0
DA:211,0
DA:217,1
DA:219,0
DA:220,0
DA:222,0
DA:224,0
DA:225,0
DA:227,0
DA:229,0
DA:230,0
DA:234,0
DA:236,0
DA:238,0
DA:244,1
LF:93
LH:13
BRDA:102,0,0,0
BRDA:140,1,0,0
BRDA:153,2,0,0
BRDA:185,3,0,0
BRDA:195,4,0,0
BRDA:229,5,0,0
BRF:6
BRH:0
end_of_record
TN:
SF:controllers\org\orgController.ts
FN:18,(anonymous_14)
FN:18,(anonymous_15)
FN:41,(anonymous_16)
FN:41,(anonymous_17)
FN:188,(anonymous_18)
FN:188,(anonymous_19)
FN:309,(anonymous_20)
FN:309,(anonymous_21)
FN:347,(anonymous_22)
FN:347,(anonymous_23)
FN:385,(anonymous_24)
FN:385,(anonymous_25)
FNF:12
FNH:0
FNDA:0,(anonymous_14)
FNDA:0,(anonymous_15)
FNDA:0,(anonymous_16)
FNDA:0,(anonymous_17)
FNDA:0,(anonymous_18)
FNDA:0,(anonymous_19)
FNDA:0,(anonymous_20)
FNDA:0,(anonymous_21)
FNDA:0,(anonymous_22)
FNDA:0,(anonymous_23)
FNDA:0,(anonymous_24)
FNDA:0,(anonymous_25)
DA:1,1
DA:2,1
DA:3,1
DA:4,1
DA:6,1
DA:8,1
DA:9,1
DA:10,1
DA:12,1
DA:14,1
DA:16,1
DA:18,1
DA:19,0
DA:21,0
DA:23,0
DA:24,0
DA:26,0
DA:27,0
DA:31,0
DA:35,0
DA:41,1
DA:42,0
DA:44,0
DA:46,0
DA:47,0
DA:51,0
DA:55,0
DA:56,0
DA:60,0
DA:64,0
DA:68,0
DA:72,0
DA:76,0
DA:81,0
DA:85,0
DA:89,0
DA:90,0
DA:94,0
DA:98,0
DA:102,0
DA:104,0
DA:108,0
DA:112,0
DA:114,0
DA:119,0
DA:122,0
DA:124,0
DA:126,0
DA:127,0
DA:129,0
DA:134,0
DA:135,0
DA:139,0
DA:141,0
DA:143,0
DA:144,0
DA:148,0
DA:149,0
DA:150,0
DA:151,0
DA:152,0
DA:153,0
DA:154,0
DA:156,0
DA:158,0
DA:159,0
DA:161,0
DA:163,0
DA:165,0
DA:178,0
DA:180,0
DA:182,0
DA:188,1
DA:189,0
DA:191,0
DA:193,0
DA:194,0
DA:198,0
DA:202,0
DA:203,0
DA:207,0
DA:211,0
DA:215,0
DA:219,0
DA:223,0
DA:228,0
DA:232,0
DA:236,0
DA:237,0
DA:241,0
DA:245,0
DA:249,0
DA:250,0
DA:254,0
DA:258,0
DA:260,0
DA:263,0
DA:265,0
DA:267,0
DA:268,0
DA:272,0
DA:273,0
DA:274,0
DA:275,0
DA:276,0
DA:277,0
DA:278,0
DA:280,0
DA:282,0
DA:283,0
DA:285,0
DA:297,0
DA:299,0
DA:303,0
DA:309,1
DA:310,0
DA:312,0
DA:314,0
DA:316,0
DA:317,0
DA:319,0
DA:320,0
DA:322,0
DA:327,0
DA:329,0
DA:330,0
DA:335,0
DA:337,0
DA:341,0
DA:347,1
DA:348,0
DA:350,0
DA:352,0
DA:354,0
DA:355,0
DA:357,0
DA:358,0
DA:360,0
DA:365,0
DA:367,0
DA:368,0
DA:373,0
DA:375,0
DA:379,0
DA:385,1
DA:386,0
DA:388,0
DA:390,0
DA:391,0
DA:393,0
DA:394,0
DA:398,0
DA:400,0
DA:402,0
DA:408,1
LF:155
LH:18
BRDA:26,0,0,0
BRDA:26,0,1,0
BRDA:134,1,0,0
BRDA:143,2,0,0
BRDA:267,3,0,0
BRDA:319,4,0,0
BRDA:329,5,0,0
BRDA:357,6,0,0
BRDA:367,7,0,0
BRDA:393,8,0,0
BRF:10
BRH:0
end_of_record
TN:
SF:controllers\org\orgIpDataProviderController.ts
FN:18,(anonymous_14)
FN:18,(anonymous_15)
FN:152,(anonymous_16)
FN:152,(anonymous_17)
FN:197,(anonymous_18)
FN:197,(anonymous_19)
FN:243,(anonymous_20)
FN:243,(anonymous_21)
FNF:8
FNH:0
FNDA:0,(anonymous_14)
FNDA:0,(anonymous_15)
FNDA:0,(anonymous_16)
FNDA:0,(anonymous_17)
FNDA:0,(anonymous_18)
FNDA:0,(anonymous_19)
FNDA:0,(anonymous_20)
FNDA:0,(anonymous_21)
DA:1,1
DA:2,1
DA:3,1
DA:5,1
DA:7,1
DA:8,1
DA:10,1
DA:12,1
DA:14,1
DA:16,1
DA:18,0
DA:19,0
DA:21,0
DA:23,0
DA:24,0
DA:28,0
DA:32,0
DA:36,0
DA:40,0
DA:44,0
DA:48,0
DA:52,0
DA:56,0
DA:60,0
DA:65,0
DA:69,0
DA:73,0
DA:77,0
DA:81,0
DA:85,0
DA:89,0
DA:93,0
DA:97,0
DA:101,0
DA:106,0
DA:109,0
DA:110,0
DA:111,0
DA:114,0
DA:115,0
DA:116,0
DA:119,0
DA:120,0
DA:121,0
DA:122,0
DA:125,0
DA:127,0
DA:140,0
DA:144,0
DA:150,1
DA:152,0
DA:153,0
DA:155,0
DA:157,0
DA:159,0
DA:160,0
DA:164,0
DA:165,0
DA:167,0
DA:172,0
DA:177,0
DA:178,0
DA:183,0
DA:185,0
DA:189,0
DA:195,1
DA:197,0
DA:198,0
DA:200,0
DA:202,0
DA:204,0
DA:205,0
DA:209,0
DA:210,0
DA:212,0
DA:217,0
DA:219,0
DA:220,0
DA:225,0
DA:231,0
DA:235,0
DA:241,1
DA:243,0
DA:244,0
DA:246,0
DA:248,0
DA:249,0
DA:253,0
DA:254,0
DA:258,0
DA:260,0
DA:262,0
DA:268,1
LF:93
LH:14
BRDA:164,0,0,0
BRDA:177,1,0,0
BRDA:209,2,0,0
BRDA:219,3,0,0
BRDA:253,4,0,0
BRF:5
BRH:0
end_of_record
TN:
SF:controllers\org\relations\orgAddressRelationTableController.ts
FN:13,(anonymous_8)
FN:13,(anonymous_9)
FN:83,(anonymous_10)
FN:83,(anonymous_11)
FN:104,(anonymous_12)
FN:104,(anonymous_13)
FN:127,(anonymous_14)
FN:127,(anonymous_15)
FN:151,(anonymous_16)
FN:151,(anonymous_17)
FNF:10
FNH:0
FNDA:0,(anonymous_8)
FNDA:0,(anonymous_9)
FNDA:0,(anonymous_10)
FNDA:0,(anonymous_11)
FNDA:0,(anonymous_12)
FNDA:0,(anonymous_13)
FNDA:0,(anonymous_14)
FNDA:0,(anonymous_15)
FNDA:0,(anonymous_16)
FNDA:0,(anonymous_17)
DA:1,1
DA:2,1
DA:3,1
DA:4,1
DA:5,1
DA:7,1
DA:9,1
DA:11,1
DA:13,0
DA:14,0
DA:16,0
DA:17,0
DA:21,0
DA:26,0
DA:30,0
DA:32,0
DA:35,0
DA:39,0
DA:40,0
DA:44,0
DA:48,0
DA:49,0
DA:54,0
DA:58,0
DA:59,0
DA:63,0
DA:64,0
DA:69,0
DA:71,0
DA:75,0
DA:81,1
DA:83,0
DA:84,0
DA:86,0
DA:87,0
DA:89,0
DA:90,0
DA:94,0
DA:96,0
DA:102,1
DA:104,0
DA:105,0
DA:107,0
DA:109,0
DA:110,0
DA:112,0
DA:113,0
DA:117,0
DA:119,0
DA:125,1
DA:127,0
DA:128,0
DA:130,0
DA:132,0
DA:134,0
DA:135,0
DA:139,0
DA:141,0
DA:143,0
DA:149,1
DA:151,0
DA:152,0
DA:154,0
DA:156,0
DA:158,0
DA:162,0
DA:163,0
DA:167,0
DA:169,0
DA:171,0
DA:177,1
LF:71
LH:13
BRDA:39,0,0,0
BRDA:48,1,0,0
BRDA:58,2,0,0
BRDA:89,3,0,0
BRDA:112,4,0,0
BRDA:134,5,0,0
BRDA:162,6,0,0
BRF:7
BRH:0
end_of_record
TN:
SF:controllers\org\relations\orgAndOrgIpDataProviderRelationTableController.ts
FN:14,(anonymous_8)
FN:14,(anonymous_9)
FN:85,(anonymous_10)
FN:85,(anonymous_11)
FN:107,(anonymous_12)
FN:107,(anonymous_13)
FN:132,(anonymous_14)
FN:132,(anonymous_15)
FN:157,(anonymous_16)
FN:157,(anonymous_17)
FNF:10
FNH:0
FNDA:0,(anonymous_8)
FNDA:0,(anonymous_9)
FNDA:0,(anonymous_10)
FNDA:0,(anonymous_11)
FNDA:0,(anonymous_12)
FNDA:0,(anonymous_13)
FNDA:0,(anonymous_14)
FNDA:0,(anonymous_15)
FNDA:0,(anonymous_16)
FNDA:0,(anonymous_17)
DA:1,1
DA:2,1
DA:3,1
DA:4,1
DA:5,1
DA:6,1
DA:8,1
DA:10,1
DA:12,1
DA:14,0
DA:15,0
DA:17,0
DA:18,0
DA:22,0
DA:27,0
DA:31,0
DA:33,0
DA:36,0
DA:40,0
DA:41,0
DA:46,0
DA:50,0
DA:51,0
DA:56,0
DA:60,0
DA:61,0
DA:65,0
DA:66,0
DA:71,0
DA:73,0
DA:77,0
DA:83,1
DA:85,0
DA:87,0
DA:89,0
DA:90,0
DA:92,0
DA:93,0
DA:97,0
DA:99,0
DA:105,1
DA:107,0
DA:108,0
DA:111,0
DA:112,0
DA:113,0
DA:117,0
DA:118,0
DA:122,0
DA:124,0
DA:130,1
DA:132,0
DA:134,0
DA:136,0
DA:138,0
DA:140,0
DA:141,0
DA:145,0
DA:147,0
DA:149,0
DA:155,1
DA:157,0
DA:158,0
DA:161,0
DA:162,0
DA:164,0
DA:166,0
DA:167,0
DA:171,0
DA:173,0
DA:175,0
DA:181,1
LF:72
LH:14
BRDA:40,0,0,0
BRDA:50,1,0,0
BRDA:60,2,0,0
BRDA:92,3,0,0
BRDA:117,4,0,0
BRDA:140,5,0,0
BRDA:166,6,0,0
BRF:7
BRH:0
end_of_record
TN:
SF:controllers\org\relations\orgContactRelationTableController.ts
FN:13,(anonymous_8)
FN:13,(anonymous_9)
FN:83,(anonymous_10)
FN:83,(anonymous_11)
FN:104,(anonymous_12)
FN:104,(anonymous_13)
FN:127,(anonymous_14)
FN:127,(anonymous_15)
FN:151,(anonymous_16)
FN:151,(anonymous_17)
FNF:10
FNH:0
FNDA:0,(anonymous_8)
FNDA:0,(anonymous_9)
FNDA:0,(anonymous_10)
FNDA:0,(anonymous_11)
FNDA:0,(anonymous_12)
FNDA:0,(anonymous_13)
FNDA:0,(anonymous_14)
FNDA:0,(anonymous_15)
FNDA:0,(anonymous_16)
FNDA:0,(anonymous_17)
DA:1,1
DA:2,1
DA:3,1
DA:4,1
DA:5,1
DA:7,1
DA:9,1
DA:11,1
DA:13,0
DA:14,0
DA:16,0
DA:17,0
DA:21,0
DA:26,0
DA:30,0
DA:32,0
DA:35,0
DA:39,0
DA:40,0
DA:44,0
DA:48,0
DA:49,0
DA:54,0
DA:58,0
DA:59,0
DA:63,0
DA:64,0
DA:69,0
DA:71,0
DA:75,0
DA:81,1
DA:83,0
DA:84,0
DA:86,0
DA:87,0
DA:89,0
DA:90,0
DA:94,0
DA:96,0
DA:102,1
DA:104,0
DA:105,0
DA:107,0
DA:109,0
DA:110,0
DA:112,0
DA:113,0
DA:117,0
DA:119,0
DA:125,1
DA:127,0
DA:128,0
DA:130,0
DA:132,0
DA:134,0
DA:135,0
DA:139,0
DA:141,0
DA:143,0
DA:149,1
DA:151,0
DA:152,0
DA:154,0
DA:156,0
DA:158,0
DA:160,0
DA:161,0
DA:165,0
DA:167,0
DA:169,0
DA:175,1
LF:71
LH:13
BRDA:39,0,0,0
BRDA:48,1,0,0
BRDA:58,2,0,0
BRDA:89,3,0,0
BRDA:112,4,0,0
BRDA:134,5,0,0
BRDA:160,6,0,0
BRF:7
BRH:0
end_of_record
TN:
SF:controllers\query\orgJoinQueryController.ts
FN:7,(anonymous_8)
FN:7,(anonymous_9)
FNF:2
FNH:0
FNDA:0,(anonymous_8)
FNDA:0,(anonymous_9)
DA:1,1
DA:2,1
DA:3,1
DA:5,1
DA:7,1
DA:8,0
DA:10,0
DA:12,0
DA:14,0
DA:15,0
DA:19,0
DA:20,0
DA:24,0
DA:25,0
DA:27,0
DA:32,0
DA:34,0
DA:35,0
DA:40,0
DA:46,0
DA:50,0
DA:56,1
LF:22
LH:6
BRDA:14,0,0,0
BRDA:24,1,0,0
BRDA:34,2,0,0
BRF:3
BRH:0
end_of_record
TN:
SF:controllers\relations\orgDriverRelationTableController.ts
FN:13,(anonymous_8)
FN:13,(anonymous_9)
FN:84,(anonymous_10)
FN:84,(anonymous_11)
FN:105,(anonymous_12)
FN:105,(anonymous_13)
FN:128,(anonymous_14)
FN:128,(anonymous_15)
FN:152,(anonymous_16)
FN:152,(anonymous_17)
FNF:10
FNH:0
FNDA:0,(anonymous_8)
FNDA:0,(anonymous_9)
FNDA:0,(anonymous_10)
FNDA:0,(anonymous_11)
FNDA:0,(anonymous_12)
FNDA:0,(anonymous_13)
FNDA:0,(anonymous_14)
FNDA:0,(anonymous_15)
FNDA:0,(anonymous_16)
FNDA:0,(anonymous_17)
DA:1,1
DA:2,1
DA:3,1
DA:4,1
DA:5,1
DA:7,1
DA:9,1
DA:11,1
DA:13,0
DA:14,0
DA:16,0
DA:17,0
DA:21,0
DA:26,0
DA:30,0
DA:32,0
DA:35,0
DA:39,0
DA:40,0
DA:44,0
DA:48,0
DA:49,0
DA:54,0
DA:58,0
DA:59,0
DA:63,0
DA:65,0
DA:70,0
DA:72,0
DA:76,0
DA:82,1
DA:84,0
DA:85,0
DA:87,0
DA:88,0
DA:90,0
DA:91,0
DA:95,0
DA:97,0
DA:103,1
DA:105,0
DA:106,0
DA:108,0
DA:110,0
DA:111,0
DA:113,0
DA:114,0
DA:118,0
DA:120,0
DA:126,1
DA:128,0
DA:129,0
DA:131,0
DA:133,0
DA:135,0
DA:136,0
DA:140,0
DA:142,0
DA:144,0
DA:150,1
DA:152,0
DA:153,0
DA:155,0
DA:157,0
DA:159,0
DA:161,0
DA:162,0
DA:166,0
DA:168,0
DA:170,0
DA:176,1
LF:71
LH:13
BRDA:39,0,0,0
BRDA:48,1,0,0
BRDA:58,2,0,0
BRDA:90,3,0,0
BRDA:113,4,0,0
BRDA:135,5,0,0
BRDA:161,6,0,0
BRF:7
BRH:0
end_of_record
TN:
SF:database\knexfile.ts
FNF:0
FNH:0
DA:1,1
DA:3,1
DA:5,1
LF:3
LH:3
BRF:0
BRH:0
end_of_record
TN:
SF:database\cache\redis.ts
FNF:0
FNH:0
DA:1,1
DA:3,1
DA:5,1
DA:8,1
LF:4
LH:4
BRF:0
BRH:0
end_of_record
TN:
SF:entities\driver\driver.ts
FN:7,(anonymous_0)
FNF:1
FNH:0
FNDA:0,(anonymous_0)
DA:1,1
DA:13,0
DA:14,0
DA:15,0
DA:16,0
LF:5
LH:1
BRF:0
BRH:0
end_of_record
TN:
SF:entities\driver\driverAddress.ts
FN:6,(anonymous_0)
FNF:1
FNH:0
FNDA:0,(anonymous_0)
DA:1,1
DA:7,0
DA:8,0
DA:9,0
LF:4
LH:1
BRF:0
BRH:0
end_of_record
TN:
SF:entities\driver\driverContact.ts
FN:4,(anonymous_0)
FNF:1
FNH:0
FNDA:0,(anonymous_0)
DA:1,1
DA:5,0
LF:2
LH:1
BRF:0
BRH:0
end_of_record
TN:
SF:entities\driver\driverDocument.ts
FN:4,(anonymous_0)
FNF:1
FNH:0
FNDA:0,(anonymous_0)
DA:1,1
DA:5,0
LF:2
LH:1
BRF:0
BRH:0
end_of_record
TN:
SF:entities\driver\information\information.ts
FN:9,(anonymous_0)
FNF:1
FNH:0
FNDA:0,(anonymous_0)
DA:1,1
DA:16,0
DA:17,0
DA:18,0
DA:19,0
DA:20,0
LF:6
LH:1
BRF:0
BRH:0
end_of_record
TN:
SF:entities\driver\information\midia.ts
FN:4,(anonymous_0)
FNF:1
FNH:1
FNDA:2,(anonymous_0)
DA:1,1
DA:7,2
LF:2
LH:2
BRF:0
BRH:0
end_of_record
TN:
SF:entities\driver\relations\driverAddressRelationTable.ts
FN:6,(anonymous_0)
FNF:1
FNH:0
FNDA:0,(anonymous_0)
DA:1,1
DA:11,0
DA:12,0
LF:3
LH:1
BRF:0
BRH:0
end_of_record
TN:
SF:entities\driver\relations\driverContactRelationTable.ts
FN:6,(anonymous_0)
FNF:1
FNH:0
FNDA:0,(anonymous_0)
DA:1,1
DA:11,0
DA:12,0
LF:3
LH:1
BRF:0
BRH:0
end_of_record
TN:
SF:entities\driver\relations\driverDocumentRelationTable.ts
FN:6,(anonymous_0)
FNF:1
FNH:0
FNDA:0,(anonymous_0)
DA:1,1
DA:11,0
DA:12,0
LF:3
LH:1
BRF:0
BRH:0
end_of_record
TN:
SF:entities\driver\relations\driverInformationRelationTable.ts
FN:6,(anonymous_0)
FNF:1
FNH:0
FNDA:0,(anonymous_0)
DA:1,1
DA:11,0
DA:13,0
LF:3
LH:1
BRF:0
BRH:0
end_of_record
TN:
SF:entities\org\org.ts
FN:13,(anonymous_0)
FNF:1
FNH:0
FNDA:0,(anonymous_0)
DA:1,1
DA:26,0
DA:27,0
DA:28,0
DA:29,0
DA:30,0
DA:31,0
DA:32,0
DA:33,0
DA:34,0
DA:35,0
LF:11
LH:1
BRF:0
BRH:0
end_of_record
TN:
SF:entities\org\orgAddress.ts
FN:11,(anonymous_0)
FNF:1
FNH:0
FNDA:0,(anonymous_0)
DA:1,1
DA:21,0
DA:22,0
DA:23,0
DA:24,0
DA:25,0
DA:26,0
DA:27,0
DA:28,0
LF:9
LH:1
BRF:0
BRH:0
end_of_record
TN:
SF:entities\org\orgContact.ts
FN:6,(anonymous_0)
FNF:1
FNH:0
FNDA:0,(anonymous_0)
DA:1,1
DA:7,0
DA:8,0
DA:9,0
LF:4
LH:1
BRF:0
BRH:0
end_of_record
TN:
SF:entities\org\orgIpDataProvider.ts
FN:13,(anonymous_0)
FNF:1
FNH:0
FNDA:0,(anonymous_0)
DA:1,1
DA:25,0
DA:26,0
DA:27,0
DA:28,0
DA:29,0
DA:30,0
DA:31,0
DA:32,0
DA:33,0
DA:34,0
LF:11
LH:1
BRF:0
BRH:0
end_of_record
TN:
SF:entities\org\relations\orgAddressRelationTable.ts
FN:5,(anonymous_0)
FNF:1
FNH:0
FNDA:0,(anonymous_0)
DA:1,1
DA:6,0
DA:7,0
LF:3
LH:1
BRF:0
BRH:0
end_of_record
TN:
SF:entities\org\relations\orgAndOrgIpDataProviderRelationTable.ts
FN:5,(anonymous_0)
FNF:1
FNH:0
FNDA:0,(anonymous_0)
DA:1,1
DA:6,0
DA:7,0
LF:3
LH:1
BRF:0
BRH:0
end_of_record
TN:
SF:entities\org\relations\orgContactRelationTable.ts
FN:5,(anonymous_0)
FNF:1
FNH:0
FNDA:0,(anonymous_0)
DA:1,1
DA:6,0
DA:7,0
LF:3
LH:1
BRF:0
BRH:0
end_of_record
TN:
SF:entities\relations\orgDriverRelationTable.ts
FN:5,(anonymous_0)
FNF:1
FNH:0
FNDA:0,(anonymous_0)
DA:1,1
DA:6,0
DA:7,0
LF:3
LH:1
BRF:0
BRH:0
end_of_record
TN:
SF:interface\error\handleError.ts
FN:4,(anonymous_0)
FN:6,(anonymous_1)
FN:10,(anonymous_2)
FN:14,(anonymous_3)
FN:18,(anonymous_4)
FN:23,(anonymous_5)
FNF:6
FNH:1
FNDA:19,(anonymous_0)
FNDA:0,(anonymous_1)
FNDA:0,(anonymous_2)
FNDA:0,(anonymous_3)
FNDA:0,(anonymous_4)
FNDA:0,(anonymous_5)
DA:3,1
DA:7,0
DA:11,0
DA:15,0
DA:19,0
DA:24,0
LF:6
LH:1
BRDA:7,0,0,0
BRDA:7,1,0,0
BRDA:7,1,1,0
BRDA:11,2,0,0
BRDA:15,3,0,0
BRDA:19,4,0,0
BRDA:24,5,0,0
BRF:7
BRH:0
end_of_record
TN:
SF:mock\cache\redis.ts
FN:8,(anonymous_0)
FN:10,(anonymous_1)
FN:12,(anonymous_2)
FN:15,(anonymous_3)
FNF:4
FNH:0
FNDA:0,(anonymous_0)
FNDA:0,(anonymous_1)
FNDA:0,(anonymous_2)
FNDA:0,(anonymous_3)
DA:1,1
DA:8,1
DA:10,1
DA:12,1
DA:13,0
DA:15,1
LF:6
LH:5
BRF:0
BRH:0
end_of_record
TN:
SF:mock\request\data.ip.ts
FN:3,ip
FN:14,ipGeoLocation
FN:25,ipDataResponse
FNF:3
FNH:0
FNDA:0,ip
FNDA:0,ipGeoLocation
FNDA:0,ipDataResponse
DA:1,1
DA:3,1
DA:4,0
DA:5,0
DA:6,0
DA:8,0
DA:10,0
DA:14,1
DA:15,0
DA:16,0
DA:17,0
DA:19,0
DA:21,0
DA:25,1
DA:26,0
DA:29,0
DA:31,0
DA:33,0
DA:35,0
LF:19
LH:4
BRF:0
BRH:0
end_of_record
TN:
SF:mock\request\driver.paginate.ts
FN:10,getAllDriver
FNF:1
FNH:0
FNDA:0,getAllDriver
DA:1,1
DA:2,1
DA:4,1
DA:5,1
DA:8,1
DA:10,1
DA:12,0
DA:14,0
DA:20,0
DA:22,0
DA:23,0
DA:26,0
DA:29,0
DA:34,0
LF:14
LH:6
BRDA:20,0,0,0
BRF:1
BRH:0
end_of_record
TN:
SF:mock\request\information.paginate.ts
FN:9,getAllInformation
FNF:1
FNH:0
FNDA:0,getAllInformation
DA:2,1
DA:3,1
DA:4,1
DA:5,1
DA:7,1
DA:9,1
DA:11,0
DA:13,0
DA:19,0
DA:21,0
DA:22,0
DA:25,0
DA:28,0
DA:31,0
DA:36,0
LF:15
LH:6
BRDA:19,0,0,0
BRF:1
BRH:0
end_of_record
TN:
SF:mock\request\paginate.calculate.ts
FN:1,calculatePage
FNF:1
FNH:0
FNDA:0,calculatePage
DA:1,1
DA:3,0
DA:5,0
DA:7,0
DA:9,0
LF:5
LH:1
BRDA:5,0,0,0
BRDA:7,1,0,0
BRDA:9,2,0,0
BRF:3
BRH:0
end_of_record
TN:
SF:mock\request\request.ts
FN:18,loadDataTest
FN:19,(anonymous_9)
FN:19,(anonymous_10)
FN:97,loadDataTest2
FN:98,(anonymous_12)
FN:98,(anonymous_13)
FNF:6
FNH:0
FNDA:0,loadDataTest
FNDA:0,(anonymous_9)
FNDA:0,(anonymous_10)
FNDA:0,loadDataTest2
FNDA:0,(anonymous_12)
FNDA:0,(anonymous_13)
DA:1,1
DA:3,1
DA:4,1
DA:18,1
DA:19,0
DA:20,0
DA:21,0
DA:22,0
DA:23,0
DA:24,0
DA:25,0
DA:26,0
DA:27,0
DA:28,0
DA:29,0
DA:31,0
DA:32,0
DA:33,0
DA:34,0
DA:35,0
DA:36,0
DA:37,0
DA:38,0
DA:39,0
DA:40,0
DA:42,0
DA:43,0
DA:44,0
DA:45,0
DA:46,0
DA:47,0
DA:48,0
DA:49,0
DA:50,0
DA:51,0
DA:53,0
DA:93,0
DA:97,1
DA:98,0
DA:99,0
DA:106,0
DA:113,0
DA:120,0
DA:121,0
DA:122,0
DA:123,0
DA:124,0
DA:125,0
DA:126,0
DA:127,0
DA:128,0
DA:129,0
DA:130,0
DA:131,0
DA:132,0
DA:133,0
DA:134,0
DA:136,0
DA:137,0
DA:138,0
DA:139,0
DA:140,0
DA:141,0
DA:142,0
DA:143,0
DA:144,0
DA:145,0
DA:146,0
DA:147,0
DA:148,0
DA:149,0
DA:150,0
DA:152,0
DA:192,0
LF:74
LH:5
BRF:0
BRH:0
end_of_record
TN:
SF:mock\request\time.data.ts
FN:1,getTime
FNF:1
FNH:0
FNDA:0,getTime
DA:1,1
DA:2,0
DA:4,0
DA:9,0
DA:14,0
LF:5
LH:1
BRF:0
BRH:0
end_of_record
TN:
SF:mock\security\crypto.ts
FN:10,cipherOrgDataAndSave
FN:33,cipherDriverDataAndSave
FN:51,decipherOrgDataAndGet
FN:76,decipherOrgDataByIdAndGet
FN:94,decipherDriverDataAndGet
FN:110,decipherDriverDataByIdAndGet
FN:125,verifyDeciphedCnpjAndGetData
FN:147,(anonymous_22)
FN:154,verifyDeciphedEmailAndGetData
FN:167,(anonymous_25)
FN:175,cipherOrgDataAndUpdate
FN:207,cipherDriverDataAndUpdate
FN:234,verifyDeciphedCnpj
FN:256,(anonymous_32)
FN:263,verifyDeciphedEmail
FN:276,(anonymous_35)
FN:284,deleteAllCiphedOrg
FN:292,deleteByIdCiphedOrg
FN:303,deleteAllCiphedDriver
FN:311,deleteByIdCiphedDriver
FNF:20
FNH:0
FNDA:0,cipherOrgDataAndSave
FNDA:0,cipherDriverDataAndSave
FNDA:0,decipherOrgDataAndGet
FNDA:0,decipherOrgDataByIdAndGet
FNDA:0,decipherDriverDataAndGet
FNDA:0,decipherDriverDataByIdAndGet
FNDA:0,verifyDeciphedCnpjAndGetData
FNDA:0,(anonymous_22)
FNDA:0,verifyDeciphedEmailAndGetData
FNDA:0,(anonymous_25)
FNDA:0,cipherOrgDataAndUpdate
FNDA:0,cipherDriverDataAndUpdate
FNDA:0,verifyDeciphedCnpj
FNDA:0,(anonymous_32)
FNDA:0,verifyDeciphedEmail
FNDA:0,(anonymous_35)
FNDA:0,deleteAllCiphedOrg
FNDA:0,deleteByIdCiphedOrg
FNDA:0,deleteAllCiphedDriver
FNDA:0,deleteByIdCiphedDriver
DA:1,1
DA:2,1
DA:3,1
DA:4,1
DA:5,1
DA:6,1
DA:7,1
DA:10,1
DA:11,0
DA:12,0
DA:13,0
DA:14,0
DA:15,0
DA:16,0
DA:18,0
DA:20,0
DA:30,0
DA:33,1
DA:34,0
DA:35,0
DA:36,0
DA:38,0
DA:40,0
DA:47,0
DA:51,1
DA:52,0
DA:54,0
DA:55,0
DA:58,0
DA:61,0
DA:62,0
DA:65,0
DA:68,0
DA:73,0
DA:76,1
DA:77,0
DA:82,0
DA:84,0
DA:85,0
DA:86,0
DA:87,0
DA:88,0
DA:89,0
DA:91,0
DA:94,1
DA:95,0
DA:97,0
DA:98,0
DA:101,0
DA:104,0
DA:107,0
DA:110,1
DA:111,0
DA:116,0
DA:118,0
DA:119,0
DA:120,0
DA:122,0
DA:125,1
DA:126,0
DA:128,0
DA:129,0
DA:132,0
DA:135,0
DA:136,0
DA:139,0
DA:142,0
DA:147,0
DA:149,0
DA:151,0
DA:154,1
DA:155,0
DA:157,0
DA:158,0
DA:161,0
DA:164,0
DA:167,0
DA:169,0
DA:171,0
DA:175,1
DA:176,0
DA:178,0
DA:180,0
DA:182,0
DA:183,0
DA:184,0
DA:185,0
DA:186,0
DA:187,0
DA:189,0
DA:191,0
DA:201,0
DA:203,0
DA:204,0
DA:207,1
DA:208,0
DA:210,0
DA:212,0
DA:214,0
DA:215,0
DA:216,0
DA:218,0
DA:220,0
DA:227,0
DA:229,0
DA:230,0
DA:234,1
DA:235,0
DA:237,0
DA:238,0
DA:241,0
DA:244,0
DA:245,0
DA:248,0
DA:251,0
DA:256,0
DA:258,0
DA:260,0
DA:263,1
DA:264,0
DA:266,0
DA:267,0
DA:270,0
DA:273,0
DA:276,0
DA:278,0
DA:280,0
DA:284,1
DA:285,0
DA:287,0
DA:289,0
DA:292,1
DA:293,0
DA:298,0
DA:300,0
DA:303,1
DA:304,0
DA:306,0
DA:308,0
DA:311,1
DA:312,0
DA:317,0
DA:319,0
LF:143
LH:23
BRDA:82,0,0,0
BRDA:116,1,0,0
BRDA:149,2,0,0
BRDA:169,3,0,0
BRDA:180,4,0,0
BRDA:203,5,0,0
BRDA:212,6,0,0
BRDA:229,7,0,0
BRDA:258,8,0,0
BRDA:278,9,0,0
BRDA:287,10,0,0
BRDA:298,11,0,0
BRDA:306,12,0,0
BRDA:317,13,0,0
BRF:14
BRH:0
end_of_record
TN:
SF:mock\server\testsController.ts
FN:48,(anonymous_14)
FN:48,(anonymous_15)
FN:70,(anonymous_16)
FN:70,(anonymous_17)
FN:79,(anonymous_18)
FN:79,(anonymous_19)
FN:91,(anonymous_20)
FN:91,(anonymous_21)
FN:153,(anonymous_22)
FN:153,(anonymous_23)
FN:249,(anonymous_24)
FN:249,(anonymous_25)
FN:337,(anonymous_26)
FN:337,(anonymous_27)
FN:351,(anonymous_28)
FN:351,(anonymous_29)
FN:363,(anonymous_30)
FN:363,(anonymous_31)
FN:377,(anonymous_32)
FN:377,(anonymous_33)
FN:393,(anonymous_34)
FN:393,(anonymous_35)
FN:409,(anonymous_36)
FN:409,(anonymous_37)
FN:427,(anonymous_38)
FN:427,(anonymous_39)
FN:493,(anonymous_40)
FN:493,(anonymous_41)
FN:552,(anonymous_42)
FN:552,(anonymous_43)
FN:566,(anonymous_44)
FN:566,(anonymous_45)
FN:582,(anonymous_46)
FN:582,(anonymous_47)
FN:598,(anonymous_48)
FN:598,(anonymous_49)
FN:617,(anonymous_50)
FN:617,(anonymous_51)
FN:633,(anonymous_52)
FN:633,(anonymous_53)
FN:650,(anonymous_54)
FN:650,(anonymous_55)
FN:664,(anonymous_56)
FN:664,(anonymous_57)
FN:678,(anonymous_58)
FN:678,(anonymous_59)
FN:704,(anonymous_60)
FN:704,(anonymous_61)
FN:838,(anonymous_62)
FN:838,(anonymous_63)
FN:883,(anonymous_64)
FN:883,(anonymous_65)
FN:929,(anonymous_66)
FN:929,(anonymous_67)
FN:954,(anonymous_68)
FN:954,(anonymous_69)
FNF:56
FNH:0
FNDA:0,(anonymous_14)
FNDA:0,(anonymous_15)
FNDA:0,(anonymous_16)
FNDA:0,(anonymous_17)
FNDA:0,(anonymous_18)
FNDA:0,(anonymous_19)
FNDA:0,(anonymous_20)
FNDA:0,(anonymous_21)
FNDA:0,(anonymous_22)
FNDA:0,(anonymous_23)
FNDA:0,(anonymous_24)
FNDA:0,(anonymous_25)
FNDA:0,(anonymous_26)
FNDA:0,(anonymous_27)
FNDA:0,(anonymous_28)
FNDA:0,(anonymous_29)
FNDA:0,(anonymous_30)
FNDA:0,(anonymous_31)
FNDA:0,(anonymous_32)
FNDA:0,(anonymous_33)
FNDA:0,(anonymous_34)
FNDA:0,(anonymous_35)
FNDA:0,(anonymous_36)
FNDA:0,(anonymous_37)
FNDA:0,(anonymous_38)
FNDA:0,(anonymous_39)
FNDA:0,(anonymous_40)
FNDA:0,(anonymous_41)
FNDA:0,(anonymous_42)
FNDA:0,(anonymous_43)
FNDA:0,(anonymous_44)
FNDA:0,(anonymous_45)
FNDA:0,(anonymous_46)
FNDA:0,(anonymous_47)
FNDA:0,(anonymous_48)
FNDA:0,(anonymous_49)
FNDA:0,(anonymous_50)
FNDA:0,(anonymous_51)
FNDA:0,(anonymous_52)
FNDA:0,(anonymous_53)
FNDA:0,(anonymous_54)
FNDA:0,(anonymous_55)
FNDA:0,(anonymous_56)
FNDA:0,(anonymous_57)
FNDA:0,(anonymous_58)
FNDA:0,(anonymous_59)
FNDA:0,(anonymous_60)
FNDA:0,(anonymous_61)
FNDA:0,(anonymous_62)
FNDA:0,(anonymous_63)
FNDA:0,(anonymous_64)
FNDA:0,(anonymous_65)
FNDA:0,(anonymous_66)
FNDA:0,(anonymous_67)
FNDA:0,(anonymous_68)
FNDA:0,(anonymous_69)
DA:1,1
DA:3,1
DA:5,1
DA:7,1
DA:8,1
DA:10,1
DA:11,1
DA:29,1
DA:31,1
DA:32,1
DA:33,1
DA:34,1
DA:35,1
DA:36,1
DA:37,1
DA:39,1
DA:41,1
DA:43,1
DA:46,1
DA:48,0
DA:49,0
DA:51,0
DA:53,0
DA:55,0
DA:57,0
DA:59,0
DA:63,0
DA:68,1
DA:70,0
DA:71,0
DA:72,0
DA:74,0
DA:76,0
DA:79,0
DA:80,0
DA:81,0
DA:83,0
DA:85,0
DA:89,1
DA:91,0
DA:92,0
DA:93,0
DA:95,0
DA:96,0
DA:98,0
DA:106,0
DA:108,0
DA:110,0
DA:111,0
DA:125,0
DA:137,0
DA:144,0
DA:153,1
DA:154,0
DA:156,0
DA:157,0
DA:161,0
DA:165,0
DA:166,0
DA:170,0
DA:174,0
DA:178,0
DA:183,0
DA:187,0
DA:191,0
DA:192,0
DA:196,0
DA:200,0
DA:204,0
DA:206,0
DA:211,0
DA:214,0
DA:215,0
DA:216,0
DA:218,0
DA:219,0
DA:221,0
DA:226,0
DA:227,0
DA:231,0
DA:233,0
DA:234,0
DA:238,0
DA:239,0
DA:241,0
DA:243,0
DA:249,1
DA:250,0
DA:252,0
DA:253,0
DA:257,0
DA:261,0
DA:262,0
DA:266,0
DA:270,0
DA:274,0
DA:279,0
DA:283,0
DA:287,0
DA:288,0
DA:292,0
DA:296,0
DA:300,0
DA:302,0
DA:307,0
DA:310,0
DA:311,0
DA:313,0
DA:314,0
DA:316,0
DA:321,0
DA:322,0
DA:326,0
DA:327,0
DA:329,0
DA:331,0
DA:337,1
DA:338,0
DA:340,0
DA:341,0
DA:343,0
DA:345,0
DA:351,1
DA:352,0
DA:353,0
DA:355,0
DA:357,0
DA:363,1
DA:364,0
DA:366,0
DA:367,0
DA:369,0
DA:371,0
DA:377,1
DA:378,0
DA:380,0
DA:381,0
DA:383,0
DA:385,0
DA:387,0
DA:393,1
DA:394,0
DA:395,0
DA:397,0
DA:399,0
DA:401,0
DA:407,1
DA:409,0
DA:410,0
DA:411,0
DA:413,0
DA:414,0
DA:416,0
DA:418,0
DA:425,1
DA:427,0
DA:428,0
DA:430,0
DA:431,0
DA:435,0
DA:439,0
DA:443,0
DA:448,0
DA:452,0
DA:456,0
DA:460,0
DA:465,0
DA:470,0
DA:473,0
DA:475,0
DA:476,0
DA:480,0
DA:481,0
DA:483,0
DA:485,0
DA:491,1
DA:493,0
DA:494,0
DA:496,0
DA:497,0
DA:501,0
DA:505,0
DA:509,0
DA:514,0
DA:518,0
DA:522,0
DA:526,0
DA:531,0
DA:536,0
DA:539,0
DA:540,0
DA:542,0
DA:544,0
DA:550,1
DA:552,0
DA:553,0
DA:554,0
DA:556,0
DA:558,0
DA:564,1
DA:566,0
DA:567,0
DA:569,0
DA:570,0
DA:574,0
DA:576,0
DA:582,1
DA:583,0
DA:585,0
DA:586,0
DA:588,0
DA:590,0
DA:596,1
DA:598,0
DA:599,0
DA:601,0
DA:602,0
DA:604,0
DA:605,0
DA:607,0
DA:609,0
DA:615,1
DA:617,0
DA:618,0
DA:619,0
DA:621,0
DA:623,0
DA:625,0
DA:631,1
DA:633,0
DA:634,0
DA:635,0
DA:637,0
DA:638,0
DA:640,0
DA:642,0
DA:648,1
DA:650,0
DA:651,0
DA:652,0
DA:654,0
DA:656,0
DA:662,1
DA:664,0
DA:665,0
DA:666,0
DA:668,0
DA:670,0
DA:676,1
DA:678,0
DA:679,0
DA:680,0
DA:682,0
DA:684,0
DA:686,0
DA:688,0
DA:695,0
DA:702,1
DA:704,0
DA:705,0
DA:707,0
DA:709,0
DA:710,0
DA:714,0
DA:718,0
DA:722,0
DA:726,0
DA:730,0
DA:734,0
DA:738,0
DA:742,0
DA:746,0
DA:751,0
DA:755,0
DA:759,0
DA:763,0
DA:767,0
DA:771,0
DA:775,0
DA:779,0
DA:783,0
DA:787,0
DA:792,0
DA:795,0
DA:796,0
DA:797,0
DA:800,0
DA:801,0
DA:802,0
DA:805,0
DA:806,0
DA:807,0
DA:808,0
DA:811,0
DA:813,0
DA:826,0
DA:830,0
DA:836,1
DA:838,0
DA:839,0
DA:841,0
DA:843,0
DA:845,0
DA:846,0
DA:850,0
DA:851,0
DA:853,0
DA:858,0
DA:863,0
DA:864,0
DA:869,0
DA:871,0
DA:875,0
DA:881,1
DA:883,0
DA:884,0
DA:886,0
DA:888,0
DA:890,0
DA:891,0
DA:895,0
DA:896,0
DA:898,0
DA:903,0
DA:905,0
DA:906,0
DA:911,0
DA:917,0
DA:921,0
DA:927,1
DA:929,0
DA:930,0
DA:932,0
DA:934,0
DA:935,0
DA:939,0
DA:940,0
DA:944,0
DA:946,0
DA:948,0
DA:954,1
DA:956,0
DA:959,1
LF:343
LH:46
BRDA:95,0,0,0
BRDA:110,1,0,0
BRDA:226,2,0,0
BRDA:233,3,0,0
BRDA:321,4,0,0
BRDA:383,5,0,0
BRDA:397,6,0,0
BRDA:413,7,0,0
BRDA:475,8,0,0
BRDA:604,9,0,0
BRDA:621,10,0,0
BRDA:637,11,0,0
BRDA:850,12,0,0
BRDA:863,13,0,0
BRDA:895,14,0,0
BRDA:905,15,0,0
BRDA:939,16,0,0
BRF:17
BRH:0
end_of_record
TN:
SF:repositories\paginate.ts
FN:14,calculatePage
FNF:1
FNH:1
FNDA:1,calculatePage
DA:14,1
DA:15,1
DA:17,1
DA:19,1
DA:21,1
LF:5
LH:5
BRDA:17,0,0,0
BRDA:19,1,0,0
BRDA:21,2,0,0
BRF:3
BRH:0
end_of_record
TN:
SF:repositories\knex\knex.ts
FNF:0
FNH:0
DA:1,1
DA:2,1
DA:4,1
LF:3
LH:3
BRF:0
BRH:0
end_of_record
TN:
SF:repositories\projections\OrgProjection.ts
FNF:0
FNH:0
DA:1,1
DA:15,1
DA:28,1
DA:36,1
DA:50,1
DA:51,1
DA:52,1
DA:53,1
LF:8
LH:8
BRF:0
BRH:0
end_of_record
TN:
SF:repositories\projections\driverProjection.ts
FNF:0
FNH:0
DA:1,1
DA:9,1
DA:17,1
DA:23,1
DA:29,1
DA:30,1
DA:31,1
DA:32,1
LF:8
LH:8
BRF:0
BRH:0
end_of_record
TN:
SF:repositories\projections\informationProjection.ts
FNF:0
FNH:0
DA:1,1
DA:10,1
DA:15,1
LF:3
LH:3
BRF:0
BRH:0
end_of_record
TN:
SF:repositories\projections\joinProjection.ts
FNF:0
FNH:0
DA:1,1
DA:7,1
DA:13,1
DA:19,1
DA:25,1
DA:32,1
DA:39,1
DA:46,1
DA:53,1
DA:62,1
DA:69,1
DA:76,1
DA:87,1
DA:88,1
DA:89,1
DA:90,1
DA:91,1
DA:92,1
DA:93,1
DA:94,1
DA:95,1
DA:96,1
DA:97,1
DA:98,1
LF:24
LH:24
BRF:0
BRH:0
end_of_record
TN:
SF:repositories\redis\cache\redis.ts
FN:3,(anonymous_7)
FN:3,(anonymous_8)
FN:5,(anonymous_9)
FN:5,(anonymous_10)
FN:7,(anonymous_11)
FN:7,(anonymous_12)
FN:10,(anonymous_13)
FN:10,(anonymous_14)
FNF:8
FNH:2
FNDA:1,(anonymous_7)
FNDA:1,(anonymous_8)
FNDA:0,(anonymous_9)
FNDA:0,(anonymous_10)
FNDA:0,(anonymous_11)
FNDA:0,(anonymous_12)
FNDA:0,(anonymous_13)
FNDA:0,(anonymous_14)
DA:1,1
DA:3,1
DA:5,1
DA:7,1
DA:8,0
DA:10,1
LF:6
LH:5
BRF:0
BRH:0
end_of_record
TN:
SF:repositories\redis\cache\services\redis.cache.operation.ts
FN:5,(anonymous_7)
FN:6,(anonymous_8)
FN:6,(anonymous_9)
FN:8,(anonymous_10)
FN:8,(anonymous_11)
FN:10,(anonymous_12)
FN:10,(anonymous_13)
FN:12,(anonymous_14)
FN:12,(anonymous_15)
FNF:9
FNH:3
FNDA:1,(anonymous_7)
FNDA:1,(anonymous_8)
FNDA:1,(anonymous_9)
FNDA:0,(anonymous_10)
FNDA:0,(anonymous_11)
FNDA:0,(anonymous_12)
FNDA:0,(anonymous_13)
FNDA:0,(anonymous_14)
FNDA:0,(anonymous_15)
DA:1,1
DA:3,1
DA:5,1
DA:6,1
DA:8,1
DA:10,1
DA:12,1
DA:13,0
LF:8
LH:7
BRF:0
BRH:0
end_of_record
TN:
SF:security\cryptography\bcrypt.ts
FN:3,(anonymous_1)
FNF:1
FNH:0
FNDA:0,(anonymous_1)
DA:1,1
DA:3,1
DA:4,0
DA:5,0
LF:4
LH:2
BRF:0
BRH:0
end_of_record
TN:
SF:security\cryptography\crypto.ts
FN:13,cipher
FN:20,decipher
FNF:2
FNH:0
FNDA:0,cipher
FNDA:0,decipher
DA:2,1
DA:3,1
DA:5,1
DA:7,1
DA:9,1
DA:11,1
DA:14,0
DA:15,0
DA:17,0
DA:21,0
DA:22,0
DA:24,0
DA:27,1
LF:13
LH:7
BRF:0
BRH:0
end_of_record
TN:
SF:services\driver\driverAddressService.ts
FN:13,(anonymous_8)
FN:25,(anonymous_9)
FN:31,(anonymous_11)
FN:42,(anonymous_13)
FN:48,(anonymous_15)
FN:55,(anonymous_17)
FN:81,(anonymous_19)
FN:96,(anonymous_21)
FN:100,(anonymous_23)
FNF:9
FNH:0
FNDA:0,(anonymous_8)
FNDA:0,(anonymous_9)
FNDA:0,(anonymous_11)
FNDA:0,(anonymous_13)
FNDA:0,(anonymous_15)
FNDA:0,(anonymous_17)
FNDA:0,(anonymous_19)
FNDA:0,(anonymous_21)
FNDA:0,(anonymous_23)
DA:1,1
DA:3,1
DA:5,1
DA:6,1
DA:7,1
DA:9,1
DA:14,0
DA:17,0
DA:23,0
DA:26,0
DA:28,0
DA:32,0
DA:37,0
DA:39,0
DA:43,0
DA:49,0
DA:56,0
DA:58,0
DA:64,0
DA:66,0
DA:67,0
DA:70,0
DA:73,0
DA:78,0
DA:82,0
DA:87,0
DA:89,0
DA:90,0
DA:91,0
DA:93,0
DA:97,0
DA:101,0
LF:32
LH:6
BRDA:37,0,0,0
BRDA:39,1,0,0
BRDA:64,2,0,0
BRDA:87,3,0,0
BRF:4
BRH:0
end_of_record
TN:
SF:services\driver\driverContactService.ts
FN:13,(anonymous_8)
FN:21,(anonymous_9)
FN:32,(anonymous_11)
FN:36,(anonymous_13)
FN:43,(anonymous_15)
FN:63,(anonymous_17)
FN:76,(anonymous_19)
FN:80,(anonymous_21)
FNF:8
FNH:0
FNDA:0,(anonymous_8)
FNDA:0,(anonymous_9)
FNDA:0,(anonymous_11)
FNDA:0,(anonymous_13)
FNDA:0,(anonymous_15)
FNDA:0,(anonymous_17)
FNDA:0,(anonymous_19)
FNDA:0,(anonymous_21)
DA:1,1
DA:3,1
DA:5,1
DA:6,1
DA:7,1
DA:9,1
DA:14,0
DA:17,0
DA:19,0
DA:22,0
DA:27,0
DA:29,0
DA:33,0
DA:37,0
DA:44,0
DA:46,0
DA:52,0
DA:54,0
DA:55,0
DA:60,0
DA:64,0
DA:69,0
DA:71,0
DA:73,0
DA:77,0
DA:81,0
LF:26
LH:6
BRDA:27,0,0,0
BRDA:29,1,0,0
BRDA:52,2,0,0
BRDA:69,3,0,0
BRF:4
BRH:0
end_of_record
TN:
SF:services\driver\driverDocumentService.ts
FN:13,(anonymous_8)
FN:21,(anonymous_9)
FN:32,(anonymous_11)
FN:43,(anonymous_13)
FN:50,(anonymous_14)
FN:54,(anonymous_16)
FN:61,(anonymous_18)
FN:81,(anonymous_20)
FN:94,(anonymous_22)
FN:98,(anonymous_24)
FNF:10
FNH:0
FNDA:0,(anonymous_8)
FNDA:0,(anonymous_9)
FNDA:0,(anonymous_11)
FNDA:0,(anonymous_13)
FNDA:0,(anonymous_14)
FNDA:0,(anonymous_16)
FNDA:0,(anonymous_18)
FNDA:0,(anonymous_20)
FNDA:0,(anonymous_22)
FNDA:0,(anonymous_24)
DA:1,1
DA:3,1
DA:5,1
DA:6,1
DA:7,1
DA:9,1
DA:14,0
DA:17,0
DA:19,0
DA:22,0
DA:27,0
DA:29,0
DA:33,0
DA:37,0
DA:38,0
DA:43,0
DA:45,0
DA:47,0
DA:51,0
DA:55,0
DA:62,0
DA:64,0
DA:70,0
DA:72,0
DA:73,0
DA:78,0
DA:82,0
DA:87,0
DA:89,0
DA:91,0
DA:95,0
DA:99,0
LF:32
LH:6
BRDA:27,0,0,0
BRDA:29,1,0,0
BRDA:45,2,0,0
BRDA:70,3,0,0
BRDA:87,4,0,0
BRF:5
BRH:0
end_of_record
TN:
SF:services\driver\driverService.ts
FN:10,(anonymous_8)
FN:28,(anonymous_9)
FN:39,(anonymous_11)
FN:48,(anonymous_13)
FN:55,(anonymous_14)
FN:59,(anonymous_16)
FN:66,(anonymous_18)
FN:92,(anonymous_20)
FN:107,(anonymous_22)
FN:111,(anonymous_24)
FNF:10
FNH:0
FNDA:0,(anonymous_8)
FNDA:0,(anonymous_9)
FNDA:0,(anonymous_11)
FNDA:0,(anonymous_13)
FNDA:0,(anonymous_14)
FNDA:0,(anonymous_16)
FNDA:0,(anonymous_18)
FNDA:0,(anonymous_20)
FNDA:0,(anonymous_22)
FNDA:0,(anonymous_24)
DA:1,1
DA:3,1
DA:5,1
DA:6,1
DA:7,1
DA:9,1
DA:16,0
DA:19,0
DA:26,0
DA:29,0
DA:34,0
DA:36,0
DA:40,0
DA:42,0
DA:43,0
DA:48,0
DA:50,0
DA:52,0
DA:56,0
DA:60,0
DA:67,0
DA:69,0
DA:75,0
DA:77,0
DA:78,0
DA:81,0
DA:84,0
DA:89,0
DA:93,0
DA:98,0
DA:100,0
DA:101,0
DA:102,0
DA:104,0
DA:108,0
DA:112,0
LF:36
LH:6
BRDA:34,0,0,0
BRDA:36,1,0,0
BRDA:50,2,0,0
BRDA:75,3,0,0
BRDA:98,4,0,0
BRF:5
BRH:0
end_of_record
TN:
SF:services\driver\information\informationService.ts
FN:15,(anonymous_8)
FN:35,(anonymous_9)
FN:46,(anonymous_11)
FN:56,(anonymous_12)
FN:60,(anonymous_14)
FN:67,(anonymous_16)
FN:99,(anonymous_18)
FN:116,(anonymous_20)
FN:120,(anonymous_22)
FNF:9
FNH:0
FNDA:0,(anonymous_8)
FNDA:0,(anonymous_9)
FNDA:0,(anonymous_11)
FNDA:0,(anonymous_12)
FNDA:0,(anonymous_14)
FNDA:0,(anonymous_16)
FNDA:0,(anonymous_18)
FNDA:0,(anonymous_20)
FNDA:0,(anonymous_22)
DA:1,1
DA:3,1
DA:5,1
DA:7,1
DA:8,1
DA:10,1
DA:22,0
DA:25,0
DA:33,0
DA:36,0
DA:41,0
DA:43,0
DA:47,0
DA:49,0
DA:51,0
DA:53,0
DA:57,0
DA:61,0
DA:68,0
DA:70,0
DA:76,0
DA:78,0
DA:79,0
DA:82,0
DA:85,0
DA:88,0
DA:91,0
DA:96,0
DA:100,0
DA:105,0
DA:107,0
DA:108,0
DA:109,0
DA:110,0
DA:111,0
DA:113,0
DA:117,0
DA:121,0
LF:38
LH:6
BRDA:41,0,0,0
BRDA:43,1,0,0
BRDA:47,2,0,0
BRDA:47,3,0,0
BRDA:47,3,1,0
BRDA:49,4,0,0
BRDA:49,5,0,0
BRDA:49,5,1,0
BRDA:51,6,0,0
BRDA:51,7,0,0
BRDA:51,7,1,0
BRDA:53,8,0,0
BRDA:53,9,0,0
BRDA:53,9,1,0
BRDA:76,10,0,0
BRDA:105,11,0,0
BRF:16
BRH:0
end_of_record
TN:
SF:services\driver\information\midiaService.ts
FN:11,(anonymous_8)
FN:19,(anonymous_9)
FN:30,(anonymous_11)
FN:34,(anonymous_13)
FN:41,(anonymous_15)
FN:61,(anonymous_17)
FN:74,(anonymous_19)
FN:78,(anonymous_21)
FNF:8
FNH:3
FNDA:1,(anonymous_8)
FNDA:0,(anonymous_9)
FNDA:0,(anonymous_11)
FNDA:0,(anonymous_13)
FNDA:1,(anonymous_15)
FNDA:0,(anonymous_17)
FNDA:1,(anonymous_19)
FNDA:0,(anonymous_21)
DA:1,1
DA:4,1
DA:5,1
DA:6,1
DA:7,1
DA:9,1
DA:12,1
DA:15,1
DA:17,1
DA:20,0
DA:25,0
DA:27,0
DA:31,0
DA:35,0
DA:42,1
DA:44,1
DA:50,1
DA:58,1
DA:62,0
DA:67,0
DA:71,0
DA:75,1
DA:79,0
LF:23
LH:14
BRDA:25,0,0,0
BRDA:27,1,0,0
BRDA:50,2,0,0
BRDA:67,3,0,0
BRF:4
BRH:0
end_of_record
TN:
SF:services\driver\relations\driveAddressRelationTableService.ts
FN:11,(anonymous_8)
FN:25,(anonymous_9)
FN:36,(anonymous_11)
FN:47,(anonymous_13)
FN:53,(anonymous_15)
FN:55,(anonymous_16)
FN:63,(anonymous_18)
FN:72,(anonymous_20)
FN:76,(anonymous_22)
FNF:9
FNH:0
FNDA:0,(anonymous_8)
FNDA:0,(anonymous_9)
FNDA:0,(anonymous_11)
FNDA:0,(anonymous_13)
FNDA:0,(anonymous_15)
FNDA:0,(anonymous_16)
FNDA:0,(anonymous_18)
FNDA:0,(anonymous_20)
FNDA:0,(anonymous_22)
DA:1,1
DA:3,1
DA:5,1
DA:7,1
DA:16,0
DA:19,0
DA:26,0
DA:31,0
DA:33,0
DA:37,0
DA:42,0
DA:44,0
DA:48,0
DA:56,0
DA:60,0
DA:64,0
DA:69,0
DA:73,0
DA:77,0
LF:19
LH:4
BRDA:31,0,0,0
BRDA:33,1,0,0
BRDA:42,2,0,0
BRDA:44,3,0,0
BRF:4
BRH:0
end_of_record
TN:
SF:services\driver\relations\driverContactRelationTableService.ts
FN:11,(anonymous_8)
FN:25,(anonymous_9)
FN:36,(anonymous_11)
FN:47,(anonymous_13)
FN:53,(anonymous_15)
FN:55,(anonymous_16)
FN:63,(anonymous_18)
FN:72,(anonymous_20)
FN:76,(anonymous_22)
FNF:9
FNH:0
FNDA:0,(anonymous_8)
FNDA:0,(anonymous_9)
FNDA:0,(anonymous_11)
FNDA:0,(anonymous_13)
FNDA:0,(anonymous_15)
FNDA:0,(anonymous_16)
FNDA:0,(anonymous_18)
FNDA:0,(anonymous_20)
FNDA:0,(anonymous_22)
DA:1,1
DA:3,1
DA:5,1
DA:7,1
DA:16,0
DA:19,0
DA:26,0
DA:31,0
DA:33,0
DA:37,0
DA:42,0
DA:44,0
DA:48,0
DA:56,0
DA:60,0
DA:64,0
DA:69,0
DA:73,0
DA:77,0
LF:19
LH:4
BRDA:31,0,0,0
BRDA:33,1,0,0
BRDA:42,2,0,0
BRDA:44,3,0,0
BRF:4
BRH:0
end_of_record
TN:
SF:services\driver\relations\driverDocumentRelationTableService.ts
FN:11,(anonymous_8)
FN:25,(anonymous_9)
FN:36,(anonymous_11)
FN:47,(anonymous_13)
FN:53,(anonymous_15)
FN:55,(anonymous_16)
FN:63,(anonymous_18)
FN:72,(anonymous_20)
FN:76,(anonymous_22)
FNF:9
FNH:0
FNDA:0,(anonymous_8)
FNDA:0,(anonymous_9)
FNDA:0,(anonymous_11)
FNDA:0,(anonymous_13)
FNDA:0,(anonymous_15)
FNDA:0,(anonymous_16)
FNDA:0,(anonymous_18)
FNDA:0,(anonymous_20)
FNDA:0,(anonymous_22)
DA:1,1
DA:3,1
DA:5,1
DA:7,1
DA:16,0
DA:19,0
DA:26,0
DA:31,0
DA:33,0
DA:37,0
DA:42,0
DA:44,0
DA:48,0
DA:56,0
DA:60,0
DA:64,0
DA:69,0
DA:73,0
DA:77,0
LF:19
LH:4
BRDA:31,0,0,0
BRDA:33,1,0,0
BRDA:42,2,0,0
BRDA:44,3,0,0
BRF:4
BRH:0
end_of_record
TN:
SF:services\driver\relations\driverInformationRelationTableService.ts
FN:11,(anonymous_8)
FN:25,(anonymous_9)
FN:36,(anonymous_11)
FN:47,(anonymous_13)
FN:53,(anonymous_15)
FN:55,(anonymous_16)
FN:63,(anonymous_18)
FN:72,(anonymous_20)
FN:76,(anonymous_22)
FNF:9
FNH:0
FNDA:0,(anonymous_8)
FNDA:0,(anonymous_9)
FNDA:0,(anonymous_11)
FNDA:0,(anonymous_13)
FNDA:0,(anonymous_15)
FNDA:0,(anonymous_16)
FNDA:0,(anonymous_18)
FNDA:0,(anonymous_20)
FNDA:0,(anonymous_22)
DA:1,1
DA:3,1
DA:5,1
DA:7,1
DA:16,0
DA:19,0
DA:26,0
DA:31,0
DA:33,0
DA:37,0
DA:42,0
DA:44,0
DA:48,0
DA:56,0
DA:60,0
DA:64,0
DA:69,0
DA:73,0
DA:77,0
LF:19
LH:4
BRDA:31,0,0,0
BRDA:33,1,0,0
BRDA:42,2,0,0
BRDA:44,3,0,0
BRF:4
BRH:0
end_of_record
TN:
SF:services\org\OrgIpDataProviderService.ts
FN:13,(anonymous_8)
FN:54,(anonymous_9)
FN:65,(anonymous_11)
FN:71,(anonymous_13)
FN:78,(anonymous_15)
FN:125,(anonymous_17)
FN:147,(anonymous_19)
FN:147,(anonymous_20)
FN:149,(anonymous_21)
FNF:9
FNH:0
FNDA:0,(anonymous_8)
FNDA:0,(anonymous_9)
FNDA:0,(anonymous_11)
FNDA:0,(anonymous_13)
FNDA:0,(anonymous_15)
FNDA:0,(anonymous_17)
FNDA:0,(anonymous_19)
FNDA:0,(anonymous_20)
FNDA:0,(anonymous_21)
DA:1,1
DA:2,1
DA:4,1
DA:5,1
DA:7,1
DA:9,1
DA:25,0
DA:39,0
DA:52,0
DA:55,0
DA:60,0
DA:62,0
DA:66,0
DA:72,0
DA:79,0
DA:81,0
DA:87,0
DA:89,0
DA:90,0
DA:93,0
DA:96,0
DA:99,0
DA:102,0
DA:105,0
DA:108,0
DA:111,0
DA:114,0
DA:117,0
DA:122,0
DA:126,0
DA:131,0
DA:133,0
DA:134,0
DA:135,0
DA:136,0
DA:137,0
DA:138,0
DA:139,0
DA:140,0
DA:141,0
DA:142,0
DA:144,0
DA:147,0
DA:150,0
LF:44
LH:6
BRDA:60,0,0,0
BRDA:62,1,0,0
BRDA:87,2,0,0
BRDA:131,3,0,0
BRF:4
BRH:0
end_of_record
TN:
SF:services\org\orgAddressService.ts
FN:13,(anonymous_8)
FN:48,(anonymous_9)
FN:59,(anonymous_11)
FN:63,(anonymous_13)
FN:70,(anonymous_15)
FN:111,(anonymous_17)
FN:131,(anonymous_19)
FN:133,(anonymous_20)
FNF:8
FNH:0
FNDA:0,(anonymous_8)
FNDA:0,(anonymous_9)
FNDA:0,(anonymous_11)
FNDA:0,(anonymous_13)
FNDA:0,(anonymous_15)
FNDA:0,(anonymous_17)
FNDA:0,(anonymous_19)
FNDA:0,(anonymous_20)
DA:1,1
DA:2,1
DA:4,1
DA:5,1
DA:7,1
DA:9,1
DA:23,0
DA:35,0
DA:46,0
DA:49,0
DA:54,0
DA:56,0
DA:60,0
DA:64,0
DA:71,0
DA:73,0
DA:79,0
DA:81,0
DA:82,0
DA:85,0
DA:88,0
DA:91,0
DA:94,0
DA:97,0
DA:100,0
DA:103,0
DA:108,0
DA:112,0
DA:117,0
DA:119,0
DA:120,0
DA:121,0
DA:122,0
DA:123,0
DA:124,0
DA:125,0
DA:126,0
DA:128,0
DA:134,0
LF:39
LH:6
BRDA:54,0,0,0
BRDA:56,1,0,0
BRDA:79,2,0,0
BRDA:117,3,0,0
BRF:4
BRH:0
end_of_record
TN:
SF:services\org\orgContactService.ts
FN:13,(anonymous_8)
FN:21,(anonymous_9)
FN:32,(anonymous_11)
FN:36,(anonymous_13)
FN:43,(anonymous_15)
FN:69,(anonymous_17)
FN:84,(anonymous_19)
FN:86,(anonymous_20)
FNF:8
FNH:0
FNDA:0,(anonymous_8)
FNDA:0,(anonymous_9)
FNDA:0,(anonymous_11)
FNDA:0,(anonymous_13)
FNDA:0,(anonymous_15)
FNDA:0,(anonymous_17)
FNDA:0,(anonymous_19)
FNDA:0,(anonymous_20)
DA:1,1
DA:2,1
DA:4,1
DA:5,1
DA:7,1
DA:9,1
DA:14,0
DA:17,0
DA:19,0
DA:22,0
DA:27,0
DA:29,0
DA:33,0
DA:37,0
DA:44,0
DA:46,0
DA:52,0
DA:54,0
DA:55,0
DA:58,0
DA:61,0
DA:66,0
DA:70,0
DA:75,0
DA:77,0
DA:78,0
DA:79,0
DA:81,0
DA:87,0
LF:29
LH:6
BRDA:27,0,0,0
BRDA:29,1,0,0
BRDA:52,2,0,0
BRDA:75,3,0,0
BRF:4
BRH:0
end_of_record
TN:
SF:services\org\orgService.ts
FN:10,(anonymous_8)
FN:51,(anonymous_9)
FN:60,(anonymous_11)
FN:67,(anonymous_12)
FN:78,(anonymous_14)
FN:82,(anonymous_16)
FN:86,(anonymous_18)
FN:130,(anonymous_20)
FN:151,(anonymous_22)
FN:151,(anonymous_23)
FN:153,(anonymous_24)
FNF:11
FNH:0
FNDA:0,(anonymous_8)
FNDA:0,(anonymous_9)
FNDA:0,(anonymous_11)
FNDA:0,(anonymous_12)
FNDA:0,(anonymous_14)
FNDA:0,(anonymous_16)
FNDA:0,(anonymous_18)
FNDA:0,(anonymous_20)
FNDA:0,(anonymous_22)
FNDA:0,(anonymous_23)
FNDA:0,(anonymous_24)
DA:1,1
DA:2,1
DA:4,1
DA:5,1
DA:7,1
DA:9,1
DA:22,0
DA:36,0
DA:49,0
DA:52,0
DA:54,0
DA:55,0
DA:60,0
DA:62,0
DA:64,0
DA:68,0
DA:73,0
DA:75,0
DA:79,0
DA:83,0
DA:87,0
DA:89,0
DA:95,0
DA:97,0
DA:98,0
DA:101,0
DA:104,0
DA:107,0
DA:110,0
DA:113,0
DA:116,0
DA:119,0
DA:122,0
DA:127,0
DA:131,0
DA:136,0
DA:138,0
DA:139,0
DA:140,0
DA:141,0
DA:142,0
DA:143,0
DA:144,0
DA:145,0
DA:146,0
DA:148,0
DA:151,0
DA:154,0
LF:48
LH:6
BRDA:62,0,0,0
BRDA:73,1,0,0
BRDA:75,2,0,0
BRDA:95,3,0,0
BRDA:136,4,0,0
BRF:5
BRH:0
end_of_record
TN:
SF:services\org\relations\orgAddressRelationTableService.ts
FN:11,(anonymous_8)
FN:20,(anonymous_9)
FN:31,(anonymous_11)
FN:42,(anonymous_13)
FN:48,(anonymous_15)
FN:50,(anonymous_16)
FN:58,(anonymous_18)
FN:67,(anonymous_20)
FN:71,(anonymous_22)
FNF:9
FNH:0
FNDA:0,(anonymous_8)
FNDA:0,(anonymous_9)
FNDA:0,(anonymous_11)
FNDA:0,(anonymous_13)
FNDA:0,(anonymous_15)
FNDA:0,(anonymous_16)
FNDA:0,(anonymous_18)
FNDA:0,(anonymous_20)
FNDA:0,(anonymous_22)
DA:1,1
DA:3,1
DA:5,1
DA:7,1
DA:12,0
DA:15,0
DA:21,0
DA:26,0
DA:28,0
DA:32,0
DA:37,0
DA:39,0
DA:43,0
DA:51,0
DA:55,0
DA:59,0
DA:64,0
DA:68,0
DA:72,0
LF:19
LH:4
BRDA:26,0,0,0
BRDA:28,1,0,0
BRDA:37,2,0,0
BRDA:39,3,0,0
BRF:4
BRH:0
end_of_record
TN:
SF:services\org\relations\orgAndOrgIpDataProviderRelationTableService.ts
FN:11,(anonymous_8)
FN:24,(anonymous_9)
FN:35,(anonymous_11)
FN:49,(anonymous_13)
FN:55,(anonymous_15)
FN:57,(anonymous_16)
FN:65,(anonymous_18)
FN:74,(anonymous_20)
FN:78,(anonymous_22)
FNF:9
FNH:0
FNDA:0,(anonymous_8)
FNDA:0,(anonymous_9)
FNDA:0,(anonymous_11)
FNDA:0,(anonymous_13)
FNDA:0,(anonymous_15)
FNDA:0,(anonymous_16)
FNDA:0,(anonymous_18)
FNDA:0,(anonymous_20)
FNDA:0,(anonymous_22)
DA:1,1
DA:3,1
DA:5,1
DA:7,1
DA:15,0
DA:18,0
DA:25,0
DA:30,0
DA:32,0
DA:36,0
DA:44,0
DA:46,0
DA:50,0
DA:58,0
DA:62,0
DA:66,0
DA:71,0
DA:75,0
DA:79,0
LF:19
LH:4
BRDA:30,0,0,0
BRDA:32,1,0,0
BRDA:44,2,0,0
BRDA:46,3,0,0
BRF:4
BRH:0
end_of_record
TN:
SF:services\org\relations\orgContactRelationTableService.ts
FN:11,(anonymous_8)
FN:20,(anonymous_9)
FN:31,(anonymous_11)
FN:42,(anonymous_13)
FN:48,(anonymous_15)
FN:50,(anonymous_16)
FN:58,(anonymous_18)
FN:67,(anonymous_20)
FN:71,(anonymous_22)
FNF:9
FNH:0
FNDA:0,(anonymous_8)
FNDA:0,(anonymous_9)
FNDA:0,(anonymous_11)
FNDA:0,(anonymous_13)
FNDA:0,(anonymous_15)
FNDA:0,(anonymous_16)
FNDA:0,(anonymous_18)
FNDA:0,(anonymous_20)
FNDA:0,(anonymous_22)
DA:1,1
DA:3,1
DA:5,1
DA:7,1
DA:12,0
DA:15,0
DA:21,0
DA:26,0
DA:28,0
DA:32,0
DA:37,0
DA:39,0
DA:43,0
DA:51,0
DA:55,0
DA:59,0
DA:64,0
DA:68,0
DA:72,0
LF:19
LH:4
BRDA:26,0,0,0
BRDA:28,1,0,0
BRDA:37,2,0,0
BRDA:39,3,0,0
BRF:4
BRH:0
end_of_record
TN:
SF:services\query\orgJoinQueryService.ts
FN:23,(anonymous_8)
FN:27,(anonymous_9)
FN:29,(anonymous_10)
FN:31,(anonymous_11)
FN:33,(anonymous_12)
FN:396,(anonymous_14)
FN:398,(anonymous_15)
FNF:7
FNH:0
FNDA:0,(anonymous_8)
FNDA:0,(anonymous_9)
FNDA:0,(anonymous_10)
FNDA:0,(anonymous_11)
FNDA:0,(anonymous_12)
FNDA:0,(anonymous_14)
FNDA:0,(anonymous_15)
DA:1,1
DA:3,1
DA:10,1
DA:12,1
DA:20,1
DA:22,1
DA:25,0
DA:34,0
DA:39,0
DA:40,0
DA:41,0
DA:45,0
DA:49,0
DA:52,0
DA:55,0
DA:59,0
DA:62,0
DA:66,0
DA:69,0
DA:76,0
DA:91,0
DA:92,0
DA:93,0
DA:96,0
DA:100,0
DA:104,0
DA:108,0
DA:112,0
DA:116,0
DA:119,0
DA:125,0
DA:140,0
DA:141,0
DA:142,0
DA:145,0
DA:148,0
DA:154,0
DA:169,0
DA:170,0
DA:171,0
DA:175,0
DA:179,0
DA:182,0
DA:185,0
DA:188,0
DA:191,0
DA:195,0
DA:198,0
DA:202,0
DA:208,0
DA:223,0
DA:224,0
DA:225,0
DA:228,0
DA:231,0
DA:237,0
DA:257,0
DA:258,0
DA:259,0
DA:263,0
DA:267,0
DA:274,0
DA:294,0
DA:295,0
DA:296,0
DA:303,0
DA:323,0
DA:324,0
DA:325,0
DA:332,0
DA:352,0
DA:353,0
DA:354,0
DA:358,0
DA:362,0
DA:366,0
DA:370,0
DA:377,0
LF:78
LH:6
BRDA:39,0,0,0
BRDA:91,1,0,0
BRDA:140,2,0,0
BRDA:169,3,0,0
BRDA:223,4,0,0
BRDA:257,5,0,0
BRDA:294,6,0,0
BRDA:323,7,0,0
BRDA:352,8,0,0
BRF:9
BRH:0
end_of_record
TN:
SF:services\relations\OrgDriverRelationTableService.ts
FN:11,(anonymous_8)
FN:20,(anonymous_9)
FN:31,(anonymous_11)
FN:42,(anonymous_13)
FN:48,(anonymous_15)
FN:48,(anonymous_16)
FN:50,(anonymous_17)
FN:58,(anonymous_19)
FN:67,(anonymous_21)
FN:71,(anonymous_23)
FNF:10
FNH:0
FNDA:0,(anonymous_8)
FNDA:0,(anonymous_9)
FNDA:0,(anonymous_11)
FNDA:0,(anonymous_13)
FNDA:0,(anonymous_15)
FNDA:0,(anonymous_16)
FNDA:0,(anonymous_17)
FNDA:0,(anonymous_19)
FNDA:0,(anonymous_21)
FNDA:0,(anonymous_23)
DA:1,1
DA:3,1
DA:5,1
DA:7,1
DA:12,0
DA:15,0
DA:21,0
DA:26,0
DA:28,0
DA:32,0
DA:37,0
DA:39,0
DA:43,0
DA:48,0
DA:51,0
DA:55,0
DA:59,0
DA:64,0
DA:68,0
DA:72,0
LF:20
LH:4
BRDA:26,0,0,0
BRDA:28,1,0,0
BRDA:37,2,0,0
BRDA:39,3,0,0
BRF:4
BRH:0
end_of_record
